2018-10-11 17:28:38.014  INFO 29776 --- [main] com.gzsf.operation.OperationApplication  : Starting OperationApplication on DESKTOP-SJGIENM with PID 29776 (C:\Code\Java\operation\target\classes started by gzsf in C:\Code\Java\operation)
2018-10-11 17:28:38.028  INFO 29776 --- [main] com.gzsf.operation.OperationApplication  : No active profile set, falling back to default profiles: default
2018-10-11 17:28:38.118  INFO 29776 --- [main] onfigReactiveWebServerApplicationContext : Refreshing org.springframework.boot.web.reactive.context.AnnotationConfigReactiveWebServerApplicationContext@134d26af: startup date [Thu Oct 11 17:28:38 CST 2018]; root of context hierarchy
2018-10-11 17:28:38.933  WARN 29776 --- [main] o.m.s.mapper.ClassPathMapperScanner      : No MyBatis mapper was found in '[com.gzsf.operation.dao.UserMapper]' package. Please check your configuration.
2018-10-11 17:28:39.258  INFO 29776 --- [main] .s.d.r.c.RepositoryConfigurationDelegate : Multiple Spring Data modules found, entering strict repository configuration mode!
2018-10-11 17:28:39.871  INFO 29776 --- [main] trationDelegate$BeanPostProcessorChecker : Bean 'org.springframework.amqp.rabbit.annotation.RabbitBootstrapConfiguration' of type [org.springframework.amqp.rabbit.annotation.RabbitBootstrapConfiguration$$EnhancerBySpringCGLIB$$8f8db4c7] is not eligible for getting processed by all BeanPostProcessors (for example: not eligible for auto-proxying)
2018-10-11 17:28:41.783  INFO 29776 --- [main] s.w.r.r.m.a.RequestMappingHandlerMapping : Mapped "{[/file],methods=[PATCH]}" onto public reactor.core.publisher.Mono com.gzsf.operation.controller.FileController.update(com.gzsf.operation.model.FileModel)
2018-10-11 17:28:41.785  INFO 29776 --- [main] s.w.r.r.m.a.RequestMappingHandlerMapping : Mapped "{[/file/{fileId}],methods=[DELETE]}" onto public reactor.core.publisher.Mono com.gzsf.operation.controller.FileController.delete(java.lang.Long)
2018-10-11 17:28:41.786  INFO 29776 --- [main] s.w.r.r.m.a.RequestMappingHandlerMapping : Mapped "{[/file],methods=[POST]}" onto public reactor.core.publisher.Mono com.gzsf.operation.controller.FileController.create(com.gzsf.operation.model.FileModel,org.springframework.security.core.Authentication)
2018-10-11 17:28:41.786  INFO 29776 --- [main] s.w.r.r.m.a.RequestMappingHandlerMapping : Mapped "{[/file/{id}/version],methods=[GET]}" onto public reactor.core.publisher.Mono com.gzsf.operation.controller.FileController.getVersionList(java.lang.Long,java.lang.Integer,java.lang.Integer,java.lang.String)
2018-10-11 17:28:41.787  INFO 29776 --- [main] s.w.r.r.m.a.RequestMappingHandlerMapping : Mapped "{[/file/{id}/version/{version}/file],methods=[GET]}" onto public reactor.core.publisher.Mono<java.lang.Void> com.gzsf.operation.controller.FileController.download(java.lang.Long,java.lang.Integer,org.springframework.http.server.reactive.ServerHttpResponse)
2018-10-11 17:28:41.787  INFO 29776 --- [main] s.w.r.r.m.a.RequestMappingHandlerMapping : Mapped "{[/file/{id}/version],methods=[POST]}" onto public reactor.core.publisher.Mono com.gzsf.operation.controller.FileController.updateFile(java.lang.Long,org.springframework.security.core.Authentication,org.springframework.http.codec.multipart.FilePart,org.springframework.http.codec.multipart.FormFieldPart)
2018-10-11 17:28:41.787  INFO 29776 --- [main] s.w.r.r.m.a.RequestMappingHandlerMapping : Mapped "{[/file],methods=[GET]}" onto public reactor.core.publisher.Mono com.gzsf.operation.controller.FileController.getFileList(java.lang.Integer,java.lang.Integer,java.lang.String)
2018-10-11 17:28:41.793  INFO 29776 --- [main] s.w.r.r.m.a.RequestMappingHandlerMapping : Mapped "{[/**]}" onto public reactor.core.publisher.Mono<com.gzsf.operation.bean.Response> com.gzsf.operation.controller.GlobalExceptionHandler.statusError()
2018-10-11 17:28:41.812  INFO 29776 --- [main] s.w.r.r.m.a.RequestMappingHandlerMapping : Mapped "{[/service],methods=[POST]}" onto public reactor.core.publisher.Mono com.gzsf.operation.controller.ServiceController.add(com.gzsf.operation.model.ServiceModel,org.springframework.security.core.Authentication)
2018-10-11 17:28:41.812  INFO 29776 --- [main] s.w.r.r.m.a.RequestMappingHandlerMapping : Mapped "{[/service],methods=[PATCH]}" onto public reactor.core.publisher.Mono com.gzsf.operation.controller.ServiceController.update(com.gzsf.operation.model.ServiceModel)
2018-10-11 17:28:41.813  INFO 29776 --- [main] s.w.r.r.m.a.RequestMappingHandlerMapping : Mapped "{[/service/{id}],methods=[DELETE]}" onto public reactor.core.publisher.Mono com.gzsf.operation.controller.ServiceController.delete(java.lang.Long)
2018-10-11 17:28:41.814  INFO 29776 --- [main] s.w.r.r.m.a.RequestMappingHandlerMapping : Mapped "{[/service/start/{id}],methods=[GET]}" onto public reactor.core.publisher.Mono com.gzsf.operation.controller.ServiceController.start(java.lang.Long)
2018-10-11 17:28:41.815  INFO 29776 --- [main] s.w.r.r.m.a.RequestMappingHandlerMapping : Mapped "{[/service/stop/{id}],methods=[GET]}" onto public reactor.core.publisher.Mono com.gzsf.operation.controller.ServiceController.stop(java.lang.Long)
2018-10-11 17:28:41.815  INFO 29776 --- [main] s.w.r.r.m.a.RequestMappingHandlerMapping : Mapped "{[/service],methods=[GET]}" onto public reactor.core.publisher.Mono com.gzsf.operation.controller.ServiceController.list(java.lang.Integer,java.lang.Integer)
2018-10-11 17:28:41.828  INFO 29776 --- [main] s.w.r.r.m.a.RequestMappingHandlerMapping : Mapped "{[/test]}" onto public reactor.core.publisher.Mono<com.gzsf.operation.bean.Response> com.gzsf.operation.controller.UserController.test(org.springframework.security.core.Authentication) throws java.lang.Exception
2018-10-11 17:28:41.829  INFO 29776 --- [main] s.w.r.r.m.a.RequestMappingHandlerMapping : Mapped "{[/auth]}" onto public reactor.core.publisher.Mono<com.gzsf.operation.bean.Response> com.gzsf.operation.controller.UserController.auth()
2018-10-11 17:28:41.829  INFO 29776 --- [main] s.w.r.r.m.a.RequestMappingHandlerMapping : Mapped "{[/login],methods=[POST]}" onto public reactor.core.publisher.Mono<com.gzsf.operation.bean.Response<java.lang.String>> com.gzsf.operation.controller.UserController.login(com.gzsf.operation.bean.LoginBean)
2018-10-11 17:28:41.829  INFO 29776 --- [main] s.w.r.r.m.a.RequestMappingHandlerMapping : Mapped "{[/user],methods=[GET]}" onto public reactor.core.publisher.Mono com.gzsf.operation.controller.UserController.getUsers(com.gzsf.operation.model.User$Role,java.lang.String,int,int,com.gzsf.operation.security.UserAuthentication)
2018-10-11 17:28:41.830  INFO 29776 --- [main] s.w.r.r.m.a.RequestMappingHandlerMapping : Mapped "{[/user],methods=[POST]}" onto public reactor.core.publisher.Mono<com.gzsf.operation.bean.Response<com.gzsf.operation.model.User>> com.gzsf.operation.controller.UserController.addUser(com.gzsf.operation.model.User)
2018-10-11 17:28:41.830  INFO 29776 --- [main] s.w.r.r.m.a.RequestMappingHandlerMapping : Mapped "{[/user],methods=[PATCH]}" onto public reactor.core.publisher.Mono<com.gzsf.operation.bean.Response<com.gzsf.operation.model.User>> com.gzsf.operation.controller.UserController.changeUser(java.util.Map<java.lang.String, java.lang.Object>,org.springframework.security.core.Authentication)
2018-10-11 17:28:41.830  INFO 29776 --- [main] s.w.r.r.m.a.RequestMappingHandlerMapping : Mapped "{[/user/{id}],methods=[GET]}" onto public reactor.core.publisher.Mono<com.gzsf.operation.bean.Response<com.gzsf.operation.model.User>> com.gzsf.operation.controller.UserController.getUserById(long)
2018-10-11 17:28:41.961  INFO 29776 --- [main] o.s.w.r.handler.SimpleUrlHandlerMapping  : Mapped URL path [/webjars/**] onto handler of type [class org.springframework.web.reactive.resource.ResourceWebHandler]
2018-10-11 17:28:41.961  INFO 29776 --- [main] o.s.w.r.handler.SimpleUrlHandlerMapping  : Mapped URL path [/**] onto handler of type [class org.springframework.web.reactive.resource.ResourceWebHandler]
2018-10-11 17:28:42.256  INFO 29776 --- [main] o.s.w.r.r.m.a.ControllerMethodResolver   : Looking for @ControllerAdvice: org.springframework.boot.web.reactive.context.AnnotationConfigReactiveWebServerApplicationContext@134d26af: startup date [Thu Oct 11 17:28:38 CST 2018]; root of context hierarchy
2018-10-11 17:28:42.278  INFO 29776 --- [main] o.s.w.r.r.m.a.ControllerMethodResolver   : Detected @ExceptionHandler methods in globalExceptionHandler
2018-10-11 17:31:10.960  INFO 29776 --- [main] o.s.j.e.a.AnnotationMBeanExporter        : Registering beans for JMX exposure on startup
2018-10-11 17:31:10.960  INFO 29776 --- [main] o.s.j.e.a.AnnotationMBeanExporter        : Bean with name 'dataSource' has been autodetected for JMX exposure
2018-10-11 17:31:10.960  INFO 29776 --- [main] o.s.j.e.a.AnnotationMBeanExporter        : Bean with name 'rabbitConnectionFactory' has been autodetected for JMX exposure
2018-10-11 17:31:10.960  INFO 29776 --- [main] o.s.j.e.a.AnnotationMBeanExporter        : Located MBean 'dataSource': registering with JMX server as MBean [com.zaxxer.hikari:name=dataSource,type=HikariDataSource]
2018-10-11 17:31:10.960  INFO 29776 --- [main] o.s.j.e.a.AnnotationMBeanExporter        : Located managed bean 'rabbitConnectionFactory': registering with JMX server as MBean [org.springframework.amqp.rabbit.connection:name=rabbitConnectionFactory,type=CachingConnectionFactory]
2018-10-11 17:31:10.991  INFO 29776 --- [main] o.s.c.support.DefaultLifecycleProcessor  : Starting beans in phase 2147483647
2018-10-11 17:31:11.358  INFO 29776 --- [reactor-http-nio-1] r.ipc.netty.tcp.BlockingNettyContext     : Started HttpServer on /0:0:0:0:0:0:0:0:5000
2018-10-11 17:31:11.358  INFO 29776 --- [main] o.s.b.web.embedded.netty.NettyWebServer  : Netty started on port(s): 5000
2018-10-11 17:31:11.358  INFO 29776 --- [main] com.gzsf.operation.OperationApplication  : Started OperationApplication in 154.023 seconds (JVM running for 158.315)
2018-10-11 17:32:12.858  INFO 29776 --- [reactor-http-nio-2] io.lettuce.core.EpollProvider            : Starting without optional epoll library
2018-10-11 17:32:12.861  INFO 29776 --- [reactor-http-nio-2] io.lettuce.core.KqueueProvider           : Starting without optional kqueue library
2018-10-11 17:32:15.894  INFO 29776 --- [pool-9-thread-1] com.zaxxer.hikari.HikariDataSource       : HikariPool-1 - Starting...
2018-10-11 17:32:15.896  WARN 29776 --- [pool-9-thread-1] com.zaxxer.hikari.util.DriverDataSource  : Registered driver with driverClassName=org.gjt.mm.mysql.Driver was not found, trying direct instantiation.
2018-10-11 17:32:16.173  INFO 29776 --- [pool-9-thread-1] com.zaxxer.hikari.HikariDataSource       : HikariPool-1 - Start completed.
2018-10-11 17:46:03.620  INFO 29776 --- [pool-7-thread-1] o.s.b.f.xml.XmlBeanDefinitionReader      : Loading XML bean definitions from class path resource [org/springframework/jdbc/support/sql-error-codes.xml]
2018-10-11 17:46:03.682 ERROR 29776 --- [pool-7-thread-1] c.g.o.controller.GlobalExceptionHandler  : SystemError

org.springframework.jdbc.BadSqlGrammarException: 
### Error querying database.  Cause: com.mysql.jdbc.exceptions.jdbc4.MySQLSyntaxErrorException: You have an error in your SQL syntax; check the manual that corresponds to your MariaDB server version for the right syntax to use near 's.is_del =0' at line 2
### The error may exist in file [C:\Code\Java\operation\target\classes\mappers\ServiceMapper.xml]
### The error may involve defaultParameterMap
### The error occurred while setting parameters
### SQL: select s.service_id,s.service_name,s.file_id,s.file_version, s.type,s.start_cmd,s.stop_cmd,s.created_by,s.created_at,s.updated_at,s.description, f.file_name from service s left join  file f on f.file_id=s.file_id         where s.service_id=? s.is_del =0
### Cause: com.mysql.jdbc.exceptions.jdbc4.MySQLSyntaxErrorException: You have an error in your SQL syntax; check the manual that corresponds to your MariaDB server version for the right syntax to use near 's.is_del =0' at line 2
; bad SQL grammar []; nested exception is com.mysql.jdbc.exceptions.jdbc4.MySQLSyntaxErrorException: You have an error in your SQL syntax; check the manual that corresponds to your MariaDB server version for the right syntax to use near 's.is_del =0' at line 2
	at org.springframework.jdbc.support.SQLErrorCodeSQLExceptionTranslator.doTranslate(SQLErrorCodeSQLExceptionTranslator.java:234) ~[spring-jdbc-5.0.9.RELEASE.jar:5.0.9.RELEASE]
	at org.springframework.jdbc.support.AbstractFallbackSQLExceptionTranslator.translate(AbstractFallbackSQLExceptionTranslator.java:72) ~[spring-jdbc-5.0.9.RELEASE.jar:5.0.9.RELEASE]
	at org.mybatis.spring.MyBatisExceptionTranslator.translateExceptionIfPossible(MyBatisExceptionTranslator.java:73) ~[mybatis-spring-1.3.2.jar:1.3.2]
	at org.mybatis.spring.SqlSessionTemplate$SqlSessionInterceptor.invoke(SqlSessionTemplate.java:446) ~[mybatis-spring-1.3.2.jar:1.3.2]
	at com.sun.proxy.$Proxy72.selectOne(Unknown Source) ~[na:na]
	at org.mybatis.spring.SqlSessionTemplate.selectOne(SqlSessionTemplate.java:166) ~[mybatis-spring-1.3.2.jar:1.3.2]
	at org.apache.ibatis.binding.MapperMethod.execute(MapperMethod.java:83) ~[mybatis-3.4.6.jar:3.4.6]
	at org.apache.ibatis.binding.MapperProxy.invoke(MapperProxy.java:59) ~[mybatis-3.4.6.jar:3.4.6]
	at com.sun.proxy.$Proxy91.getRecord(Unknown Source) ~[na:na]
	at com.gzsf.operation.cache.ServiceCache.getRecord(ServiceCache.java:34) ~[classes/:na]
	at com.gzsf.operation.service.ProcessService.lambda$statrService$1(ProcessService.java:98) ~[classes/:na]
	at reactor.core.publisher.MonoCallable.call(MonoCallable.java:92) ~[reactor-core-3.1.9.RELEASE.jar:3.1.9.RELEASE]
	at reactor.core.publisher.FluxSubscribeOnCallable$CallableSubscribeOnSubscription.run(FluxSubscribeOnCallable.java:225) ~[reactor-core-3.1.9.RELEASE.jar:3.1.9.RELEASE]
	at reactor.core.scheduler.SchedulerTask.call(SchedulerTask.java:50) ~[reactor-core-3.1.9.RELEASE.jar:3.1.9.RELEASE]
	at reactor.core.scheduler.SchedulerTask.call(SchedulerTask.java:27) ~[reactor-core-3.1.9.RELEASE.jar:3.1.9.RELEASE]
	at java.util.concurrent.FutureTask.run$$$capture(FutureTask.java:266) [na:1.8.0_161]
	at java.util.concurrent.FutureTask.run(FutureTask.java) [na:1.8.0_161]
	at java.util.concurrent.ThreadPoolExecutor.runWorker(ThreadPoolExecutor.java:1149) [na:1.8.0_161]
	at java.util.concurrent.ThreadPoolExecutor$Worker.run(ThreadPoolExecutor.java:624) [na:1.8.0_161]
	at java.lang.Thread.run(Thread.java:748) [na:1.8.0_161]
Caused by: com.mysql.jdbc.exceptions.jdbc4.MySQLSyntaxErrorException: You have an error in your SQL syntax; check the manual that corresponds to your MariaDB server version for the right syntax to use near 's.is_del =0' at line 2
	at sun.reflect.NativeConstructorAccessorImpl.newInstance0(Native Method) ~[na:1.8.0_161]
	at sun.reflect.NativeConstructorAccessorImpl.newInstance(NativeConstructorAccessorImpl.java:62) ~[na:1.8.0_161]
	at sun.reflect.DelegatingConstructorAccessorImpl.newInstance(DelegatingConstructorAccessorImpl.java:45) ~[na:1.8.0_161]
	at java.lang.reflect.Constructor.newInstance(Constructor.java:423) ~[na:1.8.0_161]
	at com.mysql.jdbc.Util.handleNewInstance(Util.java:425) ~[mysql-connector-java-5.1.47.jar:5.1.47]
	at com.mysql.jdbc.Util.getInstance(Util.java:408) ~[mysql-connector-java-5.1.47.jar:5.1.47]
	at com.mysql.jdbc.SQLError.createSQLException(SQLError.java:944) ~[mysql-connector-java-5.1.47.jar:5.1.47]
	at com.mysql.jdbc.MysqlIO.checkErrorPacket(MysqlIO.java:3978) ~[mysql-connector-java-5.1.47.jar:5.1.47]
	at com.mysql.jdbc.MysqlIO.checkErrorPacket(MysqlIO.java:3914) ~[mysql-connector-java-5.1.47.jar:5.1.47]
	at com.mysql.jdbc.MysqlIO.sendCommand(MysqlIO.java:2530) ~[mysql-connector-java-5.1.47.jar:5.1.47]
	at com.mysql.jdbc.MysqlIO.sqlQueryDirect(MysqlIO.java:2683) ~[mysql-connector-java-5.1.47.jar:5.1.47]
	at com.mysql.jdbc.ConnectionImpl.execSQL(ConnectionImpl.java:2495) ~[mysql-connector-java-5.1.47.jar:5.1.47]
	at com.mysql.jdbc.PreparedStatement.executeInternal(PreparedStatement.java:1903) ~[mysql-connector-java-5.1.47.jar:5.1.47]
	at com.mysql.jdbc.PreparedStatement.execute(PreparedStatement.java:1242) ~[mysql-connector-java-5.1.47.jar:5.1.47]
	at com.zaxxer.hikari.pool.ProxyPreparedStatement.execute(ProxyPreparedStatement.java:44) ~[HikariCP-2.7.9.jar:na]
	at com.zaxxer.hikari.pool.HikariProxyPreparedStatement.execute(HikariProxyPreparedStatement.java) ~[HikariCP-2.7.9.jar:na]
	at sun.reflect.GeneratedMethodAccessor43.invoke(Unknown Source) ~[na:na]
	at sun.reflect.DelegatingMethodAccessorImpl.invoke(DelegatingMethodAccessorImpl.java:43) ~[na:1.8.0_161]
	at java.lang.reflect.Method.invoke(Method.java:498) ~[na:1.8.0_161]
	at org.apache.ibatis.logging.jdbc.PreparedStatementLogger.invoke(PreparedStatementLogger.java:59) ~[mybatis-3.4.6.jar:3.4.6]
	at com.sun.proxy.$Proxy114.execute(Unknown Source) ~[na:na]
	at org.apache.ibatis.executor.statement.PreparedStatementHandler.query(PreparedStatementHandler.java:63) ~[mybatis-3.4.6.jar:3.4.6]
	at org.apache.ibatis.executor.statement.RoutingStatementHandler.query(RoutingStatementHandler.java:79) ~[mybatis-3.4.6.jar:3.4.6]
	at org.apache.ibatis.executor.SimpleExecutor.doQuery(SimpleExecutor.java:63) ~[mybatis-3.4.6.jar:3.4.6]
	at org.apache.ibatis.executor.BaseExecutor.queryFromDatabase(BaseExecutor.java:326) ~[mybatis-3.4.6.jar:3.4.6]
	at org.apache.ibatis.executor.BaseExecutor.query(BaseExecutor.java:156) ~[mybatis-3.4.6.jar:3.4.6]
	at org.apache.ibatis.executor.CachingExecutor.query(CachingExecutor.java:109) ~[mybatis-3.4.6.jar:3.4.6]
	at com.github.pagehelper.PageInterceptor.intercept(PageInterceptor.java:143) ~[pagehelper-5.1.4.jar:na]
	at org.apache.ibatis.plugin.Plugin.invoke(Plugin.java:61) ~[mybatis-3.4.6.jar:3.4.6]
	at com.sun.proxy.$Proxy112.query(Unknown Source) ~[na:na]
	at org.apache.ibatis.session.defaults.DefaultSqlSession.selectList(DefaultSqlSession.java:148) ~[mybatis-3.4.6.jar:3.4.6]
	at org.apache.ibatis.session.defaults.DefaultSqlSession.selectList(DefaultSqlSession.java:141) ~[mybatis-3.4.6.jar:3.4.6]
	at org.apache.ibatis.session.defaults.DefaultSqlSession.selectOne(DefaultSqlSession.java:77) ~[mybatis-3.4.6.jar:3.4.6]
	at sun.reflect.GeneratedMethodAccessor63.invoke(Unknown Source) ~[na:na]
	at sun.reflect.DelegatingMethodAccessorImpl.invoke(DelegatingMethodAccessorImpl.java:43) ~[na:1.8.0_161]
	at java.lang.reflect.Method.invoke(Method.java:498) ~[na:1.8.0_161]
	at org.mybatis.spring.SqlSessionTemplate$SqlSessionInterceptor.invoke(SqlSessionTemplate.java:433) ~[mybatis-spring-1.3.2.jar:1.3.2]
	... 16 common frames omitted

2018-10-11 17:46:03.699 ERROR 29776 --- [pool-7-thread-1] c.g.o.controller.GlobalExceptionHandler  : System Error remote:127.0.0.1 request path:DefaultRequestPath[fullPath='[path='/service/start/1']', contextPath='', pathWithinApplication='/service/start/1']
2018-10-11 17:47:26.669  INFO 27408 --- [main] com.gzsf.operation.OperationApplication  : Starting OperationApplication on DESKTOP-SJGIENM with PID 27408 (C:\Code\Java\operation\target\classes started by gzsf in C:\Code\Java\operation)
2018-10-11 17:47:26.685  INFO 27408 --- [main] com.gzsf.operation.OperationApplication  : No active profile set, falling back to default profiles: default
2018-10-11 17:47:26.747  INFO 27408 --- [main] onfigReactiveWebServerApplicationContext : Refreshing org.springframework.boot.web.reactive.context.AnnotationConfigReactiveWebServerApplicationContext@149dd36b: startup date [Thu Oct 11 17:47:26 CST 2018]; root of context hierarchy
2018-10-11 17:47:27.192  WARN 27408 --- [main] o.m.s.mapper.ClassPathMapperScanner      : No MyBatis mapper was found in '[com.gzsf.operation.dao.UserMapper]' package. Please check your configuration.
2018-10-11 17:47:27.369  INFO 27408 --- [main] .s.d.r.c.RepositoryConfigurationDelegate : Multiple Spring Data modules found, entering strict repository configuration mode!
2018-10-11 17:47:27.652  INFO 27408 --- [main] trationDelegate$BeanPostProcessorChecker : Bean 'org.springframework.amqp.rabbit.annotation.RabbitBootstrapConfiguration' of type [org.springframework.amqp.rabbit.annotation.RabbitBootstrapConfiguration$$EnhancerBySpringCGLIB$$da9f9adc] is not eligible for getting processed by all BeanPostProcessors (for example: not eligible for auto-proxying)
2018-10-11 17:47:28.550  INFO 27408 --- [main] s.w.r.r.m.a.RequestMappingHandlerMapping : Mapped "{[/file],methods=[PATCH]}" onto public reactor.core.publisher.Mono com.gzsf.operation.controller.FileController.update(com.gzsf.operation.model.FileModel)
2018-10-11 17:47:28.550  INFO 27408 --- [main] s.w.r.r.m.a.RequestMappingHandlerMapping : Mapped "{[/file/{fileId}],methods=[DELETE]}" onto public reactor.core.publisher.Mono com.gzsf.operation.controller.FileController.delete(java.lang.Long)
2018-10-11 17:47:28.550  INFO 27408 --- [main] s.w.r.r.m.a.RequestMappingHandlerMapping : Mapped "{[/file],methods=[POST]}" onto public reactor.core.publisher.Mono com.gzsf.operation.controller.FileController.create(com.gzsf.operation.model.FileModel,org.springframework.security.core.Authentication)
2018-10-11 17:47:28.550  INFO 27408 --- [main] s.w.r.r.m.a.RequestMappingHandlerMapping : Mapped "{[/file/{id}/version/{version}/file],methods=[GET]}" onto public reactor.core.publisher.Mono<java.lang.Void> com.gzsf.operation.controller.FileController.download(java.lang.Long,java.lang.Integer,org.springframework.http.server.reactive.ServerHttpResponse)
2018-10-11 17:47:28.550  INFO 27408 --- [main] s.w.r.r.m.a.RequestMappingHandlerMapping : Mapped "{[/file/{id}/version],methods=[GET]}" onto public reactor.core.publisher.Mono com.gzsf.operation.controller.FileController.getVersionList(java.lang.Long,java.lang.Integer,java.lang.Integer,java.lang.String)
2018-10-11 17:47:28.550  INFO 27408 --- [main] s.w.r.r.m.a.RequestMappingHandlerMapping : Mapped "{[/file/{id}/version],methods=[POST]}" onto public reactor.core.publisher.Mono com.gzsf.operation.controller.FileController.updateFile(java.lang.Long,org.springframework.security.core.Authentication,org.springframework.http.codec.multipart.FilePart,org.springframework.http.codec.multipart.FormFieldPart)
2018-10-11 17:47:28.550  INFO 27408 --- [main] s.w.r.r.m.a.RequestMappingHandlerMapping : Mapped "{[/file],methods=[GET]}" onto public reactor.core.publisher.Mono com.gzsf.operation.controller.FileController.getFileList(java.lang.Integer,java.lang.Integer,java.lang.String)
2018-10-11 17:47:28.550  INFO 27408 --- [main] s.w.r.r.m.a.RequestMappingHandlerMapping : Mapped "{[/**]}" onto public reactor.core.publisher.Mono<com.gzsf.operation.bean.Response> com.gzsf.operation.controller.GlobalExceptionHandler.statusError()
2018-10-11 17:47:28.566  INFO 27408 --- [main] s.w.r.r.m.a.RequestMappingHandlerMapping : Mapped "{[/service],methods=[POST]}" onto public reactor.core.publisher.Mono com.gzsf.operation.controller.ServiceController.add(com.gzsf.operation.model.ServiceModel,org.springframework.security.core.Authentication)
2018-10-11 17:47:28.566  INFO 27408 --- [main] s.w.r.r.m.a.RequestMappingHandlerMapping : Mapped "{[/service],methods=[PATCH]}" onto public reactor.core.publisher.Mono com.gzsf.operation.controller.ServiceController.update(com.gzsf.operation.model.ServiceModel)
2018-10-11 17:47:28.566  INFO 27408 --- [main] s.w.r.r.m.a.RequestMappingHandlerMapping : Mapped "{[/service/{id}],methods=[DELETE]}" onto public reactor.core.publisher.Mono com.gzsf.operation.controller.ServiceController.delete(java.lang.Long)
2018-10-11 17:47:28.566  INFO 27408 --- [main] s.w.r.r.m.a.RequestMappingHandlerMapping : Mapped "{[/service/start/{id}],methods=[GET]}" onto public reactor.core.publisher.Mono com.gzsf.operation.controller.ServiceController.start(java.lang.Long)
2018-10-11 17:47:28.566  INFO 27408 --- [main] s.w.r.r.m.a.RequestMappingHandlerMapping : Mapped "{[/service/stop/{id}],methods=[GET]}" onto public reactor.core.publisher.Mono com.gzsf.operation.controller.ServiceController.stop(java.lang.Long)
2018-10-11 17:47:28.566  INFO 27408 --- [main] s.w.r.r.m.a.RequestMappingHandlerMapping : Mapped "{[/service],methods=[GET]}" onto public reactor.core.publisher.Mono com.gzsf.operation.controller.ServiceController.list(java.lang.Integer,java.lang.Integer)
2018-10-11 17:47:28.582  INFO 27408 --- [main] s.w.r.r.m.a.RequestMappingHandlerMapping : Mapped "{[/test]}" onto public reactor.core.publisher.Mono<com.gzsf.operation.bean.Response> com.gzsf.operation.controller.UserController.test(org.springframework.security.core.Authentication) throws java.lang.Exception
2018-10-11 17:47:28.582  INFO 27408 --- [main] s.w.r.r.m.a.RequestMappingHandlerMapping : Mapped "{[/auth]}" onto public reactor.core.publisher.Mono<com.gzsf.operation.bean.Response> com.gzsf.operation.controller.UserController.auth()
2018-10-11 17:47:28.582  INFO 27408 --- [main] s.w.r.r.m.a.RequestMappingHandlerMapping : Mapped "{[/login],methods=[POST]}" onto public reactor.core.publisher.Mono<com.gzsf.operation.bean.Response<java.lang.String>> com.gzsf.operation.controller.UserController.login(com.gzsf.operation.bean.LoginBean)
2018-10-11 17:47:28.582  INFO 27408 --- [main] s.w.r.r.m.a.RequestMappingHandlerMapping : Mapped "{[/user],methods=[PATCH]}" onto public reactor.core.publisher.Mono<com.gzsf.operation.bean.Response<com.gzsf.operation.model.User>> com.gzsf.operation.controller.UserController.changeUser(java.util.Map<java.lang.String, java.lang.Object>,org.springframework.security.core.Authentication)
2018-10-11 17:47:28.583  INFO 27408 --- [main] s.w.r.r.m.a.RequestMappingHandlerMapping : Mapped "{[/user],methods=[POST]}" onto public reactor.core.publisher.Mono<com.gzsf.operation.bean.Response<com.gzsf.operation.model.User>> com.gzsf.operation.controller.UserController.addUser(com.gzsf.operation.model.User)
2018-10-11 17:47:28.583  INFO 27408 --- [main] s.w.r.r.m.a.RequestMappingHandlerMapping : Mapped "{[/user],methods=[GET]}" onto public reactor.core.publisher.Mono com.gzsf.operation.controller.UserController.getUsers(com.gzsf.operation.model.User$Role,java.lang.String,int,int,com.gzsf.operation.security.UserAuthentication)
2018-10-11 17:47:28.583  INFO 27408 --- [main] s.w.r.r.m.a.RequestMappingHandlerMapping : Mapped "{[/user/{id}],methods=[GET]}" onto public reactor.core.publisher.Mono<com.gzsf.operation.bean.Response<com.gzsf.operation.model.User>> com.gzsf.operation.controller.UserController.getUserById(long)
2018-10-11 17:47:28.625  INFO 27408 --- [main] o.s.w.r.handler.SimpleUrlHandlerMapping  : Mapped URL path [/webjars/**] onto handler of type [class org.springframework.web.reactive.resource.ResourceWebHandler]
2018-10-11 17:47:28.625  INFO 27408 --- [main] o.s.w.r.handler.SimpleUrlHandlerMapping  : Mapped URL path [/**] onto handler of type [class org.springframework.web.reactive.resource.ResourceWebHandler]
2018-10-11 17:47:28.812  INFO 27408 --- [main] o.s.w.r.r.m.a.ControllerMethodResolver   : Looking for @ControllerAdvice: org.springframework.boot.web.reactive.context.AnnotationConfigReactiveWebServerApplicationContext@149dd36b: startup date [Thu Oct 11 17:47:26 CST 2018]; root of context hierarchy
2018-10-11 17:47:28.813  INFO 27408 --- [main] o.s.w.r.r.m.a.ControllerMethodResolver   : Detected @ExceptionHandler methods in globalExceptionHandler
2018-10-11 17:47:32.290  INFO 27408 --- [main] o.s.j.e.a.AnnotationMBeanExporter        : Registering beans for JMX exposure on startup
2018-10-11 17:47:32.290  INFO 27408 --- [main] o.s.j.e.a.AnnotationMBeanExporter        : Bean with name 'dataSource' has been autodetected for JMX exposure
2018-10-11 17:47:32.290  INFO 27408 --- [main] o.s.j.e.a.AnnotationMBeanExporter        : Bean with name 'rabbitConnectionFactory' has been autodetected for JMX exposure
2018-10-11 17:47:32.290  INFO 27408 --- [main] o.s.j.e.a.AnnotationMBeanExporter        : Located MBean 'dataSource': registering with JMX server as MBean [com.zaxxer.hikari:name=dataSource,type=HikariDataSource]
2018-10-11 17:47:32.290  INFO 27408 --- [main] o.s.j.e.a.AnnotationMBeanExporter        : Located managed bean 'rabbitConnectionFactory': registering with JMX server as MBean [org.springframework.amqp.rabbit.connection:name=rabbitConnectionFactory,type=CachingConnectionFactory]
2018-10-11 17:47:32.321  INFO 27408 --- [main] o.s.c.support.DefaultLifecycleProcessor  : Starting beans in phase 2147483647
2018-10-11 17:47:32.712  INFO 27408 --- [reactor-http-nio-1] r.ipc.netty.tcp.BlockingNettyContext     : Started HttpServer on /0:0:0:0:0:0:0:0:5000
2018-10-11 17:47:32.712  INFO 27408 --- [main] o.s.b.web.embedded.netty.NettyWebServer  : Netty started on port(s): 5000
2018-10-11 17:47:32.716  INFO 27408 --- [main] com.gzsf.operation.OperationApplication  : Started OperationApplication in 6.547 seconds (JVM running for 7.596)
2018-10-11 17:47:35.385  INFO 27408 --- [reactor-http-nio-2] io.lettuce.core.EpollProvider            : Starting without optional epoll library
2018-10-11 17:47:35.385  INFO 27408 --- [reactor-http-nio-2] io.lettuce.core.KqueueProvider           : Starting without optional kqueue library
2018-10-11 17:47:35.478  INFO 27408 --- [reactor-http-nio-2] com.zaxxer.hikari.HikariDataSource       : HikariPool-1 - Starting...
2018-10-11 17:47:35.478  WARN 27408 --- [reactor-http-nio-2] com.zaxxer.hikari.util.DriverDataSource  : Registered driver with driverClassName=org.gjt.mm.mysql.Driver was not found, trying direct instantiation.
2018-10-11 17:47:35.619  INFO 27408 --- [reactor-http-nio-2] com.zaxxer.hikari.HikariDataSource       : HikariPool-1 - Start completed.
2018-10-11 17:50:33.411  INFO 14788 --- [main] com.gzsf.operation.OperationApplication  : Starting OperationApplication on DESKTOP-SJGIENM with PID 14788 (C:\Code\Java\operation\target\classes started by gzsf in C:\Code\Java\operation)
2018-10-11 17:50:33.427  INFO 14788 --- [main] com.gzsf.operation.OperationApplication  : No active profile set, falling back to default profiles: default
2018-10-11 17:50:33.473  INFO 14788 --- [main] onfigReactiveWebServerApplicationContext : Refreshing org.springframework.boot.web.reactive.context.AnnotationConfigReactiveWebServerApplicationContext@149dd36b: startup date [Thu Oct 11 17:50:33 CST 2018]; root of context hierarchy
2018-10-11 17:50:33.926  WARN 14788 --- [main] o.m.s.mapper.ClassPathMapperScanner      : No MyBatis mapper was found in '[com.gzsf.operation.dao.UserMapper]' package. Please check your configuration.
2018-10-11 17:50:34.082  INFO 14788 --- [main] .s.d.r.c.RepositoryConfigurationDelegate : Multiple Spring Data modules found, entering strict repository configuration mode!
2018-10-11 17:50:34.376  INFO 14788 --- [main] trationDelegate$BeanPostProcessorChecker : Bean 'org.springframework.amqp.rabbit.annotation.RabbitBootstrapConfiguration' of type [org.springframework.amqp.rabbit.annotation.RabbitBootstrapConfiguration$$EnhancerBySpringCGLIB$$c5386072] is not eligible for getting processed by all BeanPostProcessors (for example: not eligible for auto-proxying)
2018-10-11 17:50:35.265  INFO 14788 --- [main] s.w.r.r.m.a.RequestMappingHandlerMapping : Mapped "{[/file],methods=[PATCH]}" onto public reactor.core.publisher.Mono com.gzsf.operation.controller.FileController.update(com.gzsf.operation.model.FileModel)
2018-10-11 17:50:35.266  INFO 14788 --- [main] s.w.r.r.m.a.RequestMappingHandlerMapping : Mapped "{[/file/{fileId}],methods=[DELETE]}" onto public reactor.core.publisher.Mono com.gzsf.operation.controller.FileController.delete(java.lang.Long)
2018-10-11 17:50:35.266  INFO 14788 --- [main] s.w.r.r.m.a.RequestMappingHandlerMapping : Mapped "{[/file],methods=[POST]}" onto public reactor.core.publisher.Mono com.gzsf.operation.controller.FileController.create(com.gzsf.operation.model.FileModel,org.springframework.security.core.Authentication)
2018-10-11 17:50:35.266  INFO 14788 --- [main] s.w.r.r.m.a.RequestMappingHandlerMapping : Mapped "{[/file/{id}/version],methods=[GET]}" onto public reactor.core.publisher.Mono com.gzsf.operation.controller.FileController.getVersionList(java.lang.Long,java.lang.Integer,java.lang.Integer,java.lang.String)
2018-10-11 17:50:35.266  INFO 14788 --- [main] s.w.r.r.m.a.RequestMappingHandlerMapping : Mapped "{[/file/{id}/version],methods=[POST]}" onto public reactor.core.publisher.Mono com.gzsf.operation.controller.FileController.updateFile(java.lang.Long,org.springframework.security.core.Authentication,org.springframework.http.codec.multipart.FilePart,org.springframework.http.codec.multipart.FormFieldPart)
2018-10-11 17:50:35.267  INFO 14788 --- [main] s.w.r.r.m.a.RequestMappingHandlerMapping : Mapped "{[/file/{id}/version/{version}/file],methods=[GET]}" onto public reactor.core.publisher.Mono<java.lang.Void> com.gzsf.operation.controller.FileController.download(java.lang.Long,java.lang.Integer,org.springframework.http.server.reactive.ServerHttpResponse)
2018-10-11 17:50:35.268  INFO 14788 --- [main] s.w.r.r.m.a.RequestMappingHandlerMapping : Mapped "{[/file],methods=[GET]}" onto public reactor.core.publisher.Mono com.gzsf.operation.controller.FileController.getFileList(java.lang.Integer,java.lang.Integer,java.lang.String)
2018-10-11 17:50:35.271  INFO 14788 --- [main] s.w.r.r.m.a.RequestMappingHandlerMapping : Mapped "{[/**]}" onto public reactor.core.publisher.Mono<com.gzsf.operation.bean.Response> com.gzsf.operation.controller.GlobalExceptionHandler.statusError()
2018-10-11 17:50:35.280  INFO 14788 --- [main] s.w.r.r.m.a.RequestMappingHandlerMapping : Mapped "{[/service],methods=[POST]}" onto public reactor.core.publisher.Mono com.gzsf.operation.controller.ServiceController.add(com.gzsf.operation.model.ServiceModel,org.springframework.security.core.Authentication)
2018-10-11 17:50:35.280  INFO 14788 --- [main] s.w.r.r.m.a.RequestMappingHandlerMapping : Mapped "{[/service],methods=[PATCH]}" onto public reactor.core.publisher.Mono com.gzsf.operation.controller.ServiceController.update(com.gzsf.operation.model.ServiceModel)
2018-10-11 17:50:35.280  INFO 14788 --- [main] s.w.r.r.m.a.RequestMappingHandlerMapping : Mapped "{[/service/{id}],methods=[DELETE]}" onto public reactor.core.publisher.Mono com.gzsf.operation.controller.ServiceController.delete(java.lang.Long)
2018-10-11 17:50:35.280  INFO 14788 --- [main] s.w.r.r.m.a.RequestMappingHandlerMapping : Mapped "{[/service/start/{id}],methods=[GET]}" onto public reactor.core.publisher.Mono com.gzsf.operation.controller.ServiceController.start(java.lang.Long)
2018-10-11 17:50:35.280  INFO 14788 --- [main] s.w.r.r.m.a.RequestMappingHandlerMapping : Mapped "{[/service/stop/{id}],methods=[GET]}" onto public reactor.core.publisher.Mono com.gzsf.operation.controller.ServiceController.stop(java.lang.Long)
2018-10-11 17:50:35.280  INFO 14788 --- [main] s.w.r.r.m.a.RequestMappingHandlerMapping : Mapped "{[/service],methods=[GET]}" onto public reactor.core.publisher.Mono com.gzsf.operation.controller.ServiceController.list(java.lang.Integer,java.lang.Integer)
2018-10-11 17:50:35.280  INFO 14788 --- [main] s.w.r.r.m.a.RequestMappingHandlerMapping : Mapped "{[/test]}" onto public reactor.core.publisher.Mono<com.gzsf.operation.bean.Response> com.gzsf.operation.controller.UserController.test(org.springframework.security.core.Authentication) throws java.lang.Exception
2018-10-11 17:50:35.280  INFO 14788 --- [main] s.w.r.r.m.a.RequestMappingHandlerMapping : Mapped "{[/user/{id}],methods=[GET]}" onto public reactor.core.publisher.Mono<com.gzsf.operation.bean.Response<com.gzsf.operation.model.User>> com.gzsf.operation.controller.UserController.getUserById(long)
2018-10-11 17:50:35.280  INFO 14788 --- [main] s.w.r.r.m.a.RequestMappingHandlerMapping : Mapped "{[/login],methods=[POST]}" onto public reactor.core.publisher.Mono<com.gzsf.operation.bean.Response<java.lang.String>> com.gzsf.operation.controller.UserController.login(com.gzsf.operation.bean.LoginBean)
2018-10-11 17:50:35.280  INFO 14788 --- [main] s.w.r.r.m.a.RequestMappingHandlerMapping : Mapped "{[/user],methods=[GET]}" onto public reactor.core.publisher.Mono com.gzsf.operation.controller.UserController.getUsers(com.gzsf.operation.model.User$Role,java.lang.String,int,int,com.gzsf.operation.security.UserAuthentication)
2018-10-11 17:50:35.280  INFO 14788 --- [main] s.w.r.r.m.a.RequestMappingHandlerMapping : Mapped "{[/user],methods=[PATCH]}" onto public reactor.core.publisher.Mono<com.gzsf.operation.bean.Response<com.gzsf.operation.model.User>> com.gzsf.operation.controller.UserController.changeUser(java.util.Map<java.lang.String, java.lang.Object>,org.springframework.security.core.Authentication)
2018-10-11 17:50:35.296  INFO 14788 --- [main] s.w.r.r.m.a.RequestMappingHandlerMapping : Mapped "{[/user],methods=[POST]}" onto public reactor.core.publisher.Mono<com.gzsf.operation.bean.Response<com.gzsf.operation.model.User>> com.gzsf.operation.controller.UserController.addUser(com.gzsf.operation.model.User)
2018-10-11 17:50:35.296  INFO 14788 --- [main] s.w.r.r.m.a.RequestMappingHandlerMapping : Mapped "{[/auth]}" onto public reactor.core.publisher.Mono<com.gzsf.operation.bean.Response> com.gzsf.operation.controller.UserController.auth()
2018-10-11 17:50:35.347  INFO 14788 --- [main] o.s.w.r.handler.SimpleUrlHandlerMapping  : Mapped URL path [/webjars/**] onto handler of type [class org.springframework.web.reactive.resource.ResourceWebHandler]
2018-10-11 17:50:35.347  INFO 14788 --- [main] o.s.w.r.handler.SimpleUrlHandlerMapping  : Mapped URL path [/**] onto handler of type [class org.springframework.web.reactive.resource.ResourceWebHandler]
2018-10-11 17:50:35.472  INFO 14788 --- [main] o.s.w.r.r.m.a.ControllerMethodResolver   : Looking for @ControllerAdvice: org.springframework.boot.web.reactive.context.AnnotationConfigReactiveWebServerApplicationContext@149dd36b: startup date [Thu Oct 11 17:50:33 CST 2018]; root of context hierarchy
2018-10-11 17:50:35.488  INFO 14788 --- [main] o.s.w.r.r.m.a.ControllerMethodResolver   : Detected @ExceptionHandler methods in globalExceptionHandler
2018-10-11 17:50:39.202  INFO 14788 --- [main] o.s.j.e.a.AnnotationMBeanExporter        : Registering beans for JMX exposure on startup
2018-10-11 17:50:39.202  INFO 14788 --- [main] o.s.j.e.a.AnnotationMBeanExporter        : Bean with name 'dataSource' has been autodetected for JMX exposure
2018-10-11 17:50:39.202  INFO 14788 --- [main] o.s.j.e.a.AnnotationMBeanExporter        : Bean with name 'rabbitConnectionFactory' has been autodetected for JMX exposure
2018-10-11 17:50:39.202  INFO 14788 --- [main] o.s.j.e.a.AnnotationMBeanExporter        : Located MBean 'dataSource': registering with JMX server as MBean [com.zaxxer.hikari:name=dataSource,type=HikariDataSource]
2018-10-11 17:50:39.202  INFO 14788 --- [main] o.s.j.e.a.AnnotationMBeanExporter        : Located managed bean 'rabbitConnectionFactory': registering with JMX server as MBean [org.springframework.amqp.rabbit.connection:name=rabbitConnectionFactory,type=CachingConnectionFactory]
2018-10-11 17:50:39.233  INFO 14788 --- [main] o.s.c.support.DefaultLifecycleProcessor  : Starting beans in phase 2147483647
2018-10-11 17:50:39.608  INFO 14788 --- [reactor-http-nio-1] r.ipc.netty.tcp.BlockingNettyContext     : Started HttpServer on /0:0:0:0:0:0:0:0:5000
2018-10-11 17:50:39.608  INFO 14788 --- [main] o.s.b.web.embedded.netty.NettyWebServer  : Netty started on port(s): 5000
2018-10-11 17:50:39.608  INFO 14788 --- [main] com.gzsf.operation.OperationApplication  : Started OperationApplication in 6.707 seconds (JVM running for 7.727)
2018-10-11 17:50:48.993  INFO 14788 --- [reactor-http-nio-2] io.lettuce.core.EpollProvider            : Starting without optional epoll library
2018-10-11 17:50:48.993  INFO 14788 --- [reactor-http-nio-2] io.lettuce.core.KqueueProvider           : Starting without optional kqueue library
2018-10-11 17:50:49.093  INFO 14788 --- [reactor-http-nio-2] com.zaxxer.hikari.HikariDataSource       : HikariPool-1 - Starting...
2018-10-11 17:50:49.094  WARN 14788 --- [reactor-http-nio-2] com.zaxxer.hikari.util.DriverDataSource  : Registered driver with driverClassName=org.gjt.mm.mysql.Driver was not found, trying direct instantiation.
2018-10-11 17:50:49.271  INFO 14788 --- [reactor-http-nio-2] com.zaxxer.hikari.HikariDataSource       : HikariPool-1 - Start completed.
2018-10-11 17:52:14.003  INFO 4356 --- [main] com.gzsf.operation.OperationApplication  : Starting OperationApplication on DESKTOP-SJGIENM with PID 4356 (C:\Code\Java\operation\target\classes started by gzsf in C:\Code\Java\operation)
2018-10-11 17:52:14.003  INFO 4356 --- [main] com.gzsf.operation.OperationApplication  : No active profile set, falling back to default profiles: default
2018-10-11 17:52:14.081  INFO 4356 --- [main] onfigReactiveWebServerApplicationContext : Refreshing org.springframework.boot.web.reactive.context.AnnotationConfigReactiveWebServerApplicationContext@6cce16f4: startup date [Thu Oct 11 17:52:14 CST 2018]; root of context hierarchy
2018-10-11 17:52:14.576  WARN 4356 --- [main] o.m.s.mapper.ClassPathMapperScanner      : No MyBatis mapper was found in '[com.gzsf.operation.dao.UserMapper]' package. Please check your configuration.
2018-10-11 17:52:14.767  INFO 4356 --- [main] .s.d.r.c.RepositoryConfigurationDelegate : Multiple Spring Data modules found, entering strict repository configuration mode!
2018-10-11 17:52:15.079  INFO 4356 --- [main] trationDelegate$BeanPostProcessorChecker : Bean 'org.springframework.amqp.rabbit.annotation.RabbitBootstrapConfiguration' of type [org.springframework.amqp.rabbit.annotation.RabbitBootstrapConfiguration$$EnhancerBySpringCGLIB$$4f03e394] is not eligible for getting processed by all BeanPostProcessors (for example: not eligible for auto-proxying)
2018-10-11 17:52:16.029  INFO 4356 --- [main] s.w.r.r.m.a.RequestMappingHandlerMapping : Mapped "{[/file],methods=[PATCH]}" onto public reactor.core.publisher.Mono com.gzsf.operation.controller.FileController.update(com.gzsf.operation.model.FileModel)
2018-10-11 17:52:16.029  INFO 4356 --- [main] s.w.r.r.m.a.RequestMappingHandlerMapping : Mapped "{[/file/{fileId}],methods=[DELETE]}" onto public reactor.core.publisher.Mono com.gzsf.operation.controller.FileController.delete(java.lang.Long)
2018-10-11 17:52:16.029  INFO 4356 --- [main] s.w.r.r.m.a.RequestMappingHandlerMapping : Mapped "{[/file],methods=[POST]}" onto public reactor.core.publisher.Mono com.gzsf.operation.controller.FileController.create(com.gzsf.operation.model.FileModel,org.springframework.security.core.Authentication)
2018-10-11 17:52:16.029  INFO 4356 --- [main] s.w.r.r.m.a.RequestMappingHandlerMapping : Mapped "{[/file/{id}/version],methods=[GET]}" onto public reactor.core.publisher.Mono com.gzsf.operation.controller.FileController.getVersionList(java.lang.Long,java.lang.Integer,java.lang.Integer,java.lang.String)
2018-10-11 17:52:16.029  INFO 4356 --- [main] s.w.r.r.m.a.RequestMappingHandlerMapping : Mapped "{[/file],methods=[GET]}" onto public reactor.core.publisher.Mono com.gzsf.operation.controller.FileController.getFileList(java.lang.Integer,java.lang.Integer,java.lang.String)
2018-10-11 17:52:16.029  INFO 4356 --- [main] s.w.r.r.m.a.RequestMappingHandlerMapping : Mapped "{[/file/{id}/version],methods=[POST]}" onto public reactor.core.publisher.Mono com.gzsf.operation.controller.FileController.updateFile(java.lang.Long,org.springframework.security.core.Authentication,org.springframework.http.codec.multipart.FilePart,org.springframework.http.codec.multipart.FormFieldPart)
2018-10-11 17:52:16.029  INFO 4356 --- [main] s.w.r.r.m.a.RequestMappingHandlerMapping : Mapped "{[/file/{id}/version/{version}/file],methods=[GET]}" onto public reactor.core.publisher.Mono<java.lang.Void> com.gzsf.operation.controller.FileController.download(java.lang.Long,java.lang.Integer,org.springframework.http.server.reactive.ServerHttpResponse)
2018-10-11 17:52:16.045  INFO 4356 --- [main] s.w.r.r.m.a.RequestMappingHandlerMapping : Mapped "{[/**]}" onto public reactor.core.publisher.Mono<com.gzsf.operation.bean.Response> com.gzsf.operation.controller.GlobalExceptionHandler.statusError()
2018-10-11 17:52:16.045  INFO 4356 --- [main] s.w.r.r.m.a.RequestMappingHandlerMapping : Mapped "{[/service],methods=[POST]}" onto public reactor.core.publisher.Mono com.gzsf.operation.controller.ServiceController.add(com.gzsf.operation.model.ServiceModel,org.springframework.security.core.Authentication)
2018-10-11 17:52:16.045  INFO 4356 --- [main] s.w.r.r.m.a.RequestMappingHandlerMapping : Mapped "{[/service],methods=[PATCH]}" onto public reactor.core.publisher.Mono com.gzsf.operation.controller.ServiceController.update(com.gzsf.operation.model.ServiceModel)
2018-10-11 17:52:16.061  INFO 4356 --- [main] s.w.r.r.m.a.RequestMappingHandlerMapping : Mapped "{[/service/{id}],methods=[DELETE]}" onto public reactor.core.publisher.Mono com.gzsf.operation.controller.ServiceController.delete(java.lang.Long)
2018-10-11 17:52:16.061  INFO 4356 --- [main] s.w.r.r.m.a.RequestMappingHandlerMapping : Mapped "{[/service/start/{id}],methods=[GET]}" onto public reactor.core.publisher.Mono com.gzsf.operation.controller.ServiceController.start(java.lang.Long)
2018-10-11 17:52:16.061  INFO 4356 --- [main] s.w.r.r.m.a.RequestMappingHandlerMapping : Mapped "{[/service/stop/{id}],methods=[GET]}" onto public reactor.core.publisher.Mono com.gzsf.operation.controller.ServiceController.stop(java.lang.Long)
2018-10-11 17:52:16.061  INFO 4356 --- [main] s.w.r.r.m.a.RequestMappingHandlerMapping : Mapped "{[/service],methods=[GET]}" onto public reactor.core.publisher.Mono com.gzsf.operation.controller.ServiceController.list(java.lang.Integer,java.lang.Integer)
2018-10-11 17:52:16.061  INFO 4356 --- [main] s.w.r.r.m.a.RequestMappingHandlerMapping : Mapped "{[/test]}" onto public reactor.core.publisher.Mono<com.gzsf.operation.bean.Response> com.gzsf.operation.controller.UserController.test(org.springframework.security.core.Authentication) throws java.lang.Exception
2018-10-11 17:52:16.061  INFO 4356 --- [main] s.w.r.r.m.a.RequestMappingHandlerMapping : Mapped "{[/auth]}" onto public reactor.core.publisher.Mono<com.gzsf.operation.bean.Response> com.gzsf.operation.controller.UserController.auth()
2018-10-11 17:52:16.061  INFO 4356 --- [main] s.w.r.r.m.a.RequestMappingHandlerMapping : Mapped "{[/user/{id}],methods=[GET]}" onto public reactor.core.publisher.Mono<com.gzsf.operation.bean.Response<com.gzsf.operation.model.User>> com.gzsf.operation.controller.UserController.getUserById(long)
2018-10-11 17:52:16.061  INFO 4356 --- [main] s.w.r.r.m.a.RequestMappingHandlerMapping : Mapped "{[/user],methods=[POST]}" onto public reactor.core.publisher.Mono<com.gzsf.operation.bean.Response<com.gzsf.operation.model.User>> com.gzsf.operation.controller.UserController.addUser(com.gzsf.operation.model.User)
2018-10-11 17:52:16.061  INFO 4356 --- [main] s.w.r.r.m.a.RequestMappingHandlerMapping : Mapped "{[/user],methods=[GET]}" onto public reactor.core.publisher.Mono com.gzsf.operation.controller.UserController.getUsers(com.gzsf.operation.model.User$Role,java.lang.String,int,int,com.gzsf.operation.security.UserAuthentication)
2018-10-11 17:52:16.061  INFO 4356 --- [main] s.w.r.r.m.a.RequestMappingHandlerMapping : Mapped "{[/login],methods=[POST]}" onto public reactor.core.publisher.Mono<com.gzsf.operation.bean.Response<java.lang.String>> com.gzsf.operation.controller.UserController.login(com.gzsf.operation.bean.LoginBean)
2018-10-11 17:52:16.061  INFO 4356 --- [main] s.w.r.r.m.a.RequestMappingHandlerMapping : Mapped "{[/user],methods=[PATCH]}" onto public reactor.core.publisher.Mono<com.gzsf.operation.bean.Response<com.gzsf.operation.model.User>> com.gzsf.operation.controller.UserController.changeUser(java.util.Map<java.lang.String, java.lang.Object>,org.springframework.security.core.Authentication)
2018-10-11 17:52:16.123  INFO 4356 --- [main] o.s.w.r.handler.SimpleUrlHandlerMapping  : Mapped URL path [/webjars/**] onto handler of type [class org.springframework.web.reactive.resource.ResourceWebHandler]
2018-10-11 17:52:16.123  INFO 4356 --- [main] o.s.w.r.handler.SimpleUrlHandlerMapping  : Mapped URL path [/**] onto handler of type [class org.springframework.web.reactive.resource.ResourceWebHandler]
2018-10-11 17:52:16.264  INFO 4356 --- [main] o.s.w.r.r.m.a.ControllerMethodResolver   : Looking for @ControllerAdvice: org.springframework.boot.web.reactive.context.AnnotationConfigReactiveWebServerApplicationContext@6cce16f4: startup date [Thu Oct 11 17:52:14 CST 2018]; root of context hierarchy
2018-10-11 17:52:16.279  INFO 4356 --- [main] o.s.w.r.r.m.a.ControllerMethodResolver   : Detected @ExceptionHandler methods in globalExceptionHandler
2018-10-11 17:52:17.346  INFO 4356 --- [main] o.s.j.e.a.AnnotationMBeanExporter        : Registering beans for JMX exposure on startup
2018-10-11 17:52:17.361  INFO 4356 --- [main] o.s.j.e.a.AnnotationMBeanExporter        : Bean with name 'dataSource' has been autodetected for JMX exposure
2018-10-11 17:52:17.361  INFO 4356 --- [main] o.s.j.e.a.AnnotationMBeanExporter        : Bean with name 'rabbitConnectionFactory' has been autodetected for JMX exposure
2018-10-11 17:52:17.361  INFO 4356 --- [main] o.s.j.e.a.AnnotationMBeanExporter        : Located MBean 'dataSource': registering with JMX server as MBean [com.zaxxer.hikari:name=dataSource,type=HikariDataSource]
2018-10-11 17:52:17.361  INFO 4356 --- [main] o.s.j.e.a.AnnotationMBeanExporter        : Located managed bean 'rabbitConnectionFactory': registering with JMX server as MBean [org.springframework.amqp.rabbit.connection:name=rabbitConnectionFactory,type=CachingConnectionFactory]
2018-10-11 17:52:17.393  INFO 4356 --- [main] o.s.c.support.DefaultLifecycleProcessor  : Starting beans in phase 2147483647
2018-10-11 17:52:17.807  INFO 4356 --- [reactor-http-nio-1] r.ipc.netty.tcp.BlockingNettyContext     : Started HttpServer on /0:0:0:0:0:0:0:0:5000
2018-10-11 17:52:17.808  INFO 4356 --- [main] o.s.b.web.embedded.netty.NettyWebServer  : Netty started on port(s): 5000
2018-10-11 17:52:17.813  INFO 4356 --- [main] com.gzsf.operation.OperationApplication  : Started OperationApplication in 4.376 seconds (JVM running for 5.486)
2018-10-11 17:52:42.561  INFO 4356 --- [reactor-http-nio-2] io.lettuce.core.EpollProvider            : Starting without optional epoll library
2018-10-11 17:52:42.563  INFO 4356 --- [reactor-http-nio-2] io.lettuce.core.KqueueProvider           : Starting without optional kqueue library
2018-10-11 17:52:42.673  INFO 4356 --- [reactor-http-nio-2] com.zaxxer.hikari.HikariDataSource       : HikariPool-1 - Starting...
2018-10-11 17:52:42.674  WARN 4356 --- [reactor-http-nio-2] com.zaxxer.hikari.util.DriverDataSource  : Registered driver with driverClassName=org.gjt.mm.mysql.Driver was not found, trying direct instantiation.
2018-10-11 17:52:42.849  INFO 4356 --- [reactor-http-nio-2] com.zaxxer.hikari.HikariDataSource       : HikariPool-1 - Start completed.
2018-10-11 17:53:27.260  INFO 3016 --- [main] com.gzsf.operation.OperationApplication  : Starting OperationApplication on DESKTOP-SJGIENM with PID 3016 (C:\Code\Java\operation\target\classes started by gzsf in C:\Code\Java\operation)
2018-10-11 17:53:27.260  INFO 3016 --- [main] com.gzsf.operation.OperationApplication  : No active profile set, falling back to default profiles: default
2018-10-11 17:53:27.307  INFO 3016 --- [main] onfigReactiveWebServerApplicationContext : Refreshing org.springframework.boot.web.reactive.context.AnnotationConfigReactiveWebServerApplicationContext@22d7b4f8: startup date [Thu Oct 11 17:53:27 CST 2018]; root of context hierarchy
2018-10-11 17:53:27.826  WARN 3016 --- [main] o.m.s.mapper.ClassPathMapperScanner      : No MyBatis mapper was found in '[com.gzsf.operation.dao.UserMapper]' package. Please check your configuration.
2018-10-11 17:53:28.007  INFO 3016 --- [main] .s.d.r.c.RepositoryConfigurationDelegate : Multiple Spring Data modules found, entering strict repository configuration mode!
2018-10-11 17:53:28.345  INFO 3016 --- [main] trationDelegate$BeanPostProcessorChecker : Bean 'org.springframework.amqp.rabbit.annotation.RabbitBootstrapConfiguration' of type [org.springframework.amqp.rabbit.annotation.RabbitBootstrapConfiguration$$EnhancerBySpringCGLIB$$35c88be4] is not eligible for getting processed by all BeanPostProcessors (for example: not eligible for auto-proxying)
2018-10-11 17:53:29.328  INFO 3016 --- [main] s.w.r.r.m.a.RequestMappingHandlerMapping : Mapped "{[/file],methods=[PATCH]}" onto public reactor.core.publisher.Mono com.gzsf.operation.controller.FileController.update(com.gzsf.operation.model.FileModel)
2018-10-11 17:53:29.328  INFO 3016 --- [main] s.w.r.r.m.a.RequestMappingHandlerMapping : Mapped "{[/file/{fileId}],methods=[DELETE]}" onto public reactor.core.publisher.Mono com.gzsf.operation.controller.FileController.delete(java.lang.Long)
2018-10-11 17:53:29.344  INFO 3016 --- [main] s.w.r.r.m.a.RequestMappingHandlerMapping : Mapped "{[/file],methods=[POST]}" onto public reactor.core.publisher.Mono com.gzsf.operation.controller.FileController.create(com.gzsf.operation.model.FileModel,org.springframework.security.core.Authentication)
2018-10-11 17:53:29.344  INFO 3016 --- [main] s.w.r.r.m.a.RequestMappingHandlerMapping : Mapped "{[/file/{id}/version],methods=[GET]}" onto public reactor.core.publisher.Mono com.gzsf.operation.controller.FileController.getVersionList(java.lang.Long,java.lang.Integer,java.lang.Integer,java.lang.String)
2018-10-11 17:53:29.344  INFO 3016 --- [main] s.w.r.r.m.a.RequestMappingHandlerMapping : Mapped "{[/file/{id}/version],methods=[POST]}" onto public reactor.core.publisher.Mono com.gzsf.operation.controller.FileController.updateFile(java.lang.Long,org.springframework.security.core.Authentication,org.springframework.http.codec.multipart.FilePart,org.springframework.http.codec.multipart.FormFieldPart)
2018-10-11 17:53:29.344  INFO 3016 --- [main] s.w.r.r.m.a.RequestMappingHandlerMapping : Mapped "{[/file/{id}/version/{version}/file],methods=[GET]}" onto public reactor.core.publisher.Mono<java.lang.Void> com.gzsf.operation.controller.FileController.download(java.lang.Long,java.lang.Integer,org.springframework.http.server.reactive.ServerHttpResponse)
2018-10-11 17:53:29.344  INFO 3016 --- [main] s.w.r.r.m.a.RequestMappingHandlerMapping : Mapped "{[/file],methods=[GET]}" onto public reactor.core.publisher.Mono com.gzsf.operation.controller.FileController.getFileList(java.lang.Integer,java.lang.Integer,java.lang.String)
2018-10-11 17:53:29.344  INFO 3016 --- [main] s.w.r.r.m.a.RequestMappingHandlerMapping : Mapped "{[/**]}" onto public reactor.core.publisher.Mono<com.gzsf.operation.bean.Response> com.gzsf.operation.controller.GlobalExceptionHandler.statusError()
2018-10-11 17:53:29.359  INFO 3016 --- [main] s.w.r.r.m.a.RequestMappingHandlerMapping : Mapped "{[/service],methods=[POST]}" onto public reactor.core.publisher.Mono com.gzsf.operation.controller.ServiceController.add(com.gzsf.operation.model.ServiceModel,org.springframework.security.core.Authentication)
2018-10-11 17:53:29.359  INFO 3016 --- [main] s.w.r.r.m.a.RequestMappingHandlerMapping : Mapped "{[/service],methods=[PATCH]}" onto public reactor.core.publisher.Mono com.gzsf.operation.controller.ServiceController.update(com.gzsf.operation.model.ServiceModel)
2018-10-11 17:53:29.359  INFO 3016 --- [main] s.w.r.r.m.a.RequestMappingHandlerMapping : Mapped "{[/service/{id}],methods=[DELETE]}" onto public reactor.core.publisher.Mono com.gzsf.operation.controller.ServiceController.delete(java.lang.Long)
2018-10-11 17:53:29.359  INFO 3016 --- [main] s.w.r.r.m.a.RequestMappingHandlerMapping : Mapped "{[/service/start/{id}],methods=[GET]}" onto public reactor.core.publisher.Mono com.gzsf.operation.controller.ServiceController.start(java.lang.Long)
2018-10-11 17:53:29.359  INFO 3016 --- [main] s.w.r.r.m.a.RequestMappingHandlerMapping : Mapped "{[/service/stop/{id}],methods=[GET]}" onto public reactor.core.publisher.Mono com.gzsf.operation.controller.ServiceController.stop(java.lang.Long)
2018-10-11 17:53:29.359  INFO 3016 --- [main] s.w.r.r.m.a.RequestMappingHandlerMapping : Mapped "{[/service],methods=[GET]}" onto public reactor.core.publisher.Mono com.gzsf.operation.controller.ServiceController.list(java.lang.Integer,java.lang.Integer)
2018-10-11 17:53:29.359  INFO 3016 --- [main] s.w.r.r.m.a.RequestMappingHandlerMapping : Mapped "{[/test]}" onto public reactor.core.publisher.Mono<com.gzsf.operation.bean.Response> com.gzsf.operation.controller.UserController.test(org.springframework.security.core.Authentication) throws java.lang.Exception
2018-10-11 17:53:29.359  INFO 3016 --- [main] s.w.r.r.m.a.RequestMappingHandlerMapping : Mapped "{[/auth]}" onto public reactor.core.publisher.Mono<com.gzsf.operation.bean.Response> com.gzsf.operation.controller.UserController.auth()
2018-10-11 17:53:29.359  INFO 3016 --- [main] s.w.r.r.m.a.RequestMappingHandlerMapping : Mapped "{[/user/{id}],methods=[GET]}" onto public reactor.core.publisher.Mono<com.gzsf.operation.bean.Response<com.gzsf.operation.model.User>> com.gzsf.operation.controller.UserController.getUserById(long)
2018-10-11 17:53:29.359  INFO 3016 --- [main] s.w.r.r.m.a.RequestMappingHandlerMapping : Mapped "{[/user],methods=[POST]}" onto public reactor.core.publisher.Mono<com.gzsf.operation.bean.Response<com.gzsf.operation.model.User>> com.gzsf.operation.controller.UserController.addUser(com.gzsf.operation.model.User)
2018-10-11 17:53:29.359  INFO 3016 --- [main] s.w.r.r.m.a.RequestMappingHandlerMapping : Mapped "{[/user],methods=[GET]}" onto public reactor.core.publisher.Mono com.gzsf.operation.controller.UserController.getUsers(com.gzsf.operation.model.User$Role,java.lang.String,int,int,com.gzsf.operation.security.UserAuthentication)
2018-10-11 17:53:29.359  INFO 3016 --- [main] s.w.r.r.m.a.RequestMappingHandlerMapping : Mapped "{[/login],methods=[POST]}" onto public reactor.core.publisher.Mono<com.gzsf.operation.bean.Response<java.lang.String>> com.gzsf.operation.controller.UserController.login(com.gzsf.operation.bean.LoginBean)
2018-10-11 17:53:29.375  INFO 3016 --- [main] s.w.r.r.m.a.RequestMappingHandlerMapping : Mapped "{[/user],methods=[PATCH]}" onto public reactor.core.publisher.Mono<com.gzsf.operation.bean.Response<com.gzsf.operation.model.User>> com.gzsf.operation.controller.UserController.changeUser(java.util.Map<java.lang.String, java.lang.Object>,org.springframework.security.core.Authentication)
2018-10-11 17:53:29.438  INFO 3016 --- [main] o.s.w.r.handler.SimpleUrlHandlerMapping  : Mapped URL path [/webjars/**] onto handler of type [class org.springframework.web.reactive.resource.ResourceWebHandler]
2018-10-11 17:53:29.438  INFO 3016 --- [main] o.s.w.r.handler.SimpleUrlHandlerMapping  : Mapped URL path [/**] onto handler of type [class org.springframework.web.reactive.resource.ResourceWebHandler]
2018-10-11 17:53:29.625  INFO 3016 --- [main] o.s.w.r.r.m.a.ControllerMethodResolver   : Looking for @ControllerAdvice: org.springframework.boot.web.reactive.context.AnnotationConfigReactiveWebServerApplicationContext@22d7b4f8: startup date [Thu Oct 11 17:53:27 CST 2018]; root of context hierarchy
2018-10-11 17:53:29.641  INFO 3016 --- [main] o.s.w.r.r.m.a.ControllerMethodResolver   : Detected @ExceptionHandler methods in globalExceptionHandler
2018-10-11 17:53:30.769  INFO 3016 --- [main] o.s.j.e.a.AnnotationMBeanExporter        : Registering beans for JMX exposure on startup
2018-10-11 17:53:30.770  INFO 3016 --- [main] o.s.j.e.a.AnnotationMBeanExporter        : Bean with name 'dataSource' has been autodetected for JMX exposure
2018-10-11 17:53:30.778  INFO 3016 --- [main] o.s.j.e.a.AnnotationMBeanExporter        : Bean with name 'rabbitConnectionFactory' has been autodetected for JMX exposure
2018-10-11 17:53:30.779  INFO 3016 --- [main] o.s.j.e.a.AnnotationMBeanExporter        : Located MBean 'dataSource': registering with JMX server as MBean [com.zaxxer.hikari:name=dataSource,type=HikariDataSource]
2018-10-11 17:53:30.780  INFO 3016 --- [main] o.s.j.e.a.AnnotationMBeanExporter        : Located managed bean 'rabbitConnectionFactory': registering with JMX server as MBean [org.springframework.amqp.rabbit.connection:name=rabbitConnectionFactory,type=CachingConnectionFactory]
2018-10-11 17:53:30.806  INFO 3016 --- [main] o.s.c.support.DefaultLifecycleProcessor  : Starting beans in phase 2147483647
2018-10-11 17:53:31.231  INFO 3016 --- [reactor-http-nio-1] r.ipc.netty.tcp.BlockingNettyContext     : Started HttpServer on /0:0:0:0:0:0:0:0:5000
2018-10-11 17:53:31.231  INFO 3016 --- [main] o.s.b.web.embedded.netty.NettyWebServer  : Netty started on port(s): 5000
2018-10-11 17:53:31.231  INFO 3016 --- [main] com.gzsf.operation.OperationApplication  : Started OperationApplication in 4.426 seconds (JVM running for 5.425)
2018-10-11 17:53:36.148  INFO 3016 --- [reactor-http-nio-2] io.lettuce.core.EpollProvider            : Starting without optional epoll library
2018-10-11 17:53:36.153  INFO 3016 --- [reactor-http-nio-2] io.lettuce.core.KqueueProvider           : Starting without optional kqueue library
2018-10-11 17:53:36.275  INFO 3016 --- [reactor-http-nio-2] com.zaxxer.hikari.HikariDataSource       : HikariPool-1 - Starting...
2018-10-11 17:53:36.275  WARN 3016 --- [reactor-http-nio-2] com.zaxxer.hikari.util.DriverDataSource  : Registered driver with driverClassName=org.gjt.mm.mysql.Driver was not found, trying direct instantiation.
2018-10-11 17:53:36.475  INFO 3016 --- [reactor-http-nio-2] com.zaxxer.hikari.HikariDataSource       : HikariPool-1 - Start completed.
2018-10-11 17:55:59.303  INFO 25152 --- [main] com.gzsf.operation.OperationApplication  : Starting OperationApplication on DESKTOP-SJGIENM with PID 25152 (C:\Code\Java\operation\target\classes started by gzsf in C:\Code\Java\operation)
2018-10-11 17:55:59.306  INFO 25152 --- [main] com.gzsf.operation.OperationApplication  : No active profile set, falling back to default profiles: default
2018-10-11 17:55:59.357  INFO 25152 --- [main] onfigReactiveWebServerApplicationContext : Refreshing org.springframework.boot.web.reactive.context.AnnotationConfigReactiveWebServerApplicationContext@149dd36b: startup date [Thu Oct 11 17:55:59 CST 2018]; root of context hierarchy
2018-10-11 17:55:59.809  WARN 25152 --- [main] o.m.s.mapper.ClassPathMapperScanner      : No MyBatis mapper was found in '[com.gzsf.operation.dao.UserMapper]' package. Please check your configuration.
2018-10-11 17:55:59.982  INFO 25152 --- [main] .s.d.r.c.RepositoryConfigurationDelegate : Multiple Spring Data modules found, entering strict repository configuration mode!
2018-10-11 17:56:00.328  INFO 25152 --- [main] trationDelegate$BeanPostProcessorChecker : Bean 'org.springframework.amqp.rabbit.annotation.RabbitBootstrapConfiguration' of type [org.springframework.amqp.rabbit.annotation.RabbitBootstrapConfiguration$$EnhancerBySpringCGLIB$$b556df73] is not eligible for getting processed by all BeanPostProcessors (for example: not eligible for auto-proxying)
2018-10-11 17:56:01.343  INFO 25152 --- [main] s.w.r.r.m.a.RequestMappingHandlerMapping : Mapped "{[/file],methods=[PATCH]}" onto public reactor.core.publisher.Mono com.gzsf.operation.controller.FileController.update(com.gzsf.operation.model.FileModel)
2018-10-11 17:56:01.344  INFO 25152 --- [main] s.w.r.r.m.a.RequestMappingHandlerMapping : Mapped "{[/file/{fileId}],methods=[DELETE]}" onto public reactor.core.publisher.Mono com.gzsf.operation.controller.FileController.delete(java.lang.Long)
2018-10-11 17:56:01.344  INFO 25152 --- [main] s.w.r.r.m.a.RequestMappingHandlerMapping : Mapped "{[/file],methods=[POST]}" onto public reactor.core.publisher.Mono com.gzsf.operation.controller.FileController.create(com.gzsf.operation.model.FileModel,org.springframework.security.core.Authentication)
2018-10-11 17:56:01.344  INFO 25152 --- [main] s.w.r.r.m.a.RequestMappingHandlerMapping : Mapped "{[/file/{id}/version/{version}/file],methods=[GET]}" onto public reactor.core.publisher.Mono<java.lang.Void> com.gzsf.operation.controller.FileController.download(java.lang.Long,java.lang.Integer,org.springframework.http.server.reactive.ServerHttpResponse)
2018-10-11 17:56:01.344  INFO 25152 --- [main] s.w.r.r.m.a.RequestMappingHandlerMapping : Mapped "{[/file/{id}/version],methods=[GET]}" onto public reactor.core.publisher.Mono com.gzsf.operation.controller.FileController.getVersionList(java.lang.Long,java.lang.Integer,java.lang.Integer,java.lang.String)
2018-10-11 17:56:01.345  INFO 25152 --- [main] s.w.r.r.m.a.RequestMappingHandlerMapping : Mapped "{[/file/{id}/version],methods=[POST]}" onto public reactor.core.publisher.Mono com.gzsf.operation.controller.FileController.updateFile(java.lang.Long,org.springframework.security.core.Authentication,org.springframework.http.codec.multipart.FilePart,org.springframework.http.codec.multipart.FormFieldPart)
2018-10-11 17:56:01.345  INFO 25152 --- [main] s.w.r.r.m.a.RequestMappingHandlerMapping : Mapped "{[/file],methods=[GET]}" onto public reactor.core.publisher.Mono com.gzsf.operation.controller.FileController.getFileList(java.lang.Integer,java.lang.Integer,java.lang.String)
2018-10-11 17:56:01.348  INFO 25152 --- [main] s.w.r.r.m.a.RequestMappingHandlerMapping : Mapped "{[/**]}" onto public reactor.core.publisher.Mono<com.gzsf.operation.bean.Response> com.gzsf.operation.controller.GlobalExceptionHandler.statusError()
2018-10-11 17:56:01.359  INFO 25152 --- [main] s.w.r.r.m.a.RequestMappingHandlerMapping : Mapped "{[/service],methods=[POST]}" onto public reactor.core.publisher.Mono com.gzsf.operation.controller.ServiceController.add(com.gzsf.operation.model.ServiceModel,org.springframework.security.core.Authentication)
2018-10-11 17:56:01.359  INFO 25152 --- [main] s.w.r.r.m.a.RequestMappingHandlerMapping : Mapped "{[/service],methods=[PATCH]}" onto public reactor.core.publisher.Mono com.gzsf.operation.controller.ServiceController.update(com.gzsf.operation.model.ServiceModel)
2018-10-11 17:56:01.360  INFO 25152 --- [main] s.w.r.r.m.a.RequestMappingHandlerMapping : Mapped "{[/service/{id}],methods=[DELETE]}" onto public reactor.core.publisher.Mono com.gzsf.operation.controller.ServiceController.delete(java.lang.Long)
2018-10-11 17:56:01.360  INFO 25152 --- [main] s.w.r.r.m.a.RequestMappingHandlerMapping : Mapped "{[/service/start/{id}],methods=[GET]}" onto public reactor.core.publisher.Mono com.gzsf.operation.controller.ServiceController.start(java.lang.Long)
2018-10-11 17:56:01.360  INFO 25152 --- [main] s.w.r.r.m.a.RequestMappingHandlerMapping : Mapped "{[/service/stop/{id}],methods=[GET]}" onto public reactor.core.publisher.Mono com.gzsf.operation.controller.ServiceController.stop(java.lang.Long)
2018-10-11 17:56:01.361  INFO 25152 --- [main] s.w.r.r.m.a.RequestMappingHandlerMapping : Mapped "{[/service],methods=[GET]}" onto public reactor.core.publisher.Mono com.gzsf.operation.controller.ServiceController.list(java.lang.Integer,java.lang.Integer)
2018-10-11 17:56:01.367  INFO 25152 --- [main] s.w.r.r.m.a.RequestMappingHandlerMapping : Mapped "{[/test]}" onto public reactor.core.publisher.Mono<com.gzsf.operation.bean.Response> com.gzsf.operation.controller.UserController.test(org.springframework.security.core.Authentication) throws java.lang.Exception
2018-10-11 17:56:01.367  INFO 25152 --- [main] s.w.r.r.m.a.RequestMappingHandlerMapping : Mapped "{[/auth]}" onto public reactor.core.publisher.Mono<com.gzsf.operation.bean.Response> com.gzsf.operation.controller.UserController.auth()
2018-10-11 17:56:01.368  INFO 25152 --- [main] s.w.r.r.m.a.RequestMappingHandlerMapping : Mapped "{[/user/{id}],methods=[GET]}" onto public reactor.core.publisher.Mono<com.gzsf.operation.bean.Response<com.gzsf.operation.model.User>> com.gzsf.operation.controller.UserController.getUserById(long)
2018-10-11 17:56:01.368  INFO 25152 --- [main] s.w.r.r.m.a.RequestMappingHandlerMapping : Mapped "{[/user],methods=[GET]}" onto public reactor.core.publisher.Mono com.gzsf.operation.controller.UserController.getUsers(com.gzsf.operation.model.User$Role,java.lang.String,int,int,com.gzsf.operation.security.UserAuthentication)
2018-10-11 17:56:01.368  INFO 25152 --- [main] s.w.r.r.m.a.RequestMappingHandlerMapping : Mapped "{[/login],methods=[POST]}" onto public reactor.core.publisher.Mono<com.gzsf.operation.bean.Response<java.lang.String>> com.gzsf.operation.controller.UserController.login(com.gzsf.operation.bean.LoginBean)
2018-10-11 17:56:01.368  INFO 25152 --- [main] s.w.r.r.m.a.RequestMappingHandlerMapping : Mapped "{[/user],methods=[PATCH]}" onto public reactor.core.publisher.Mono<com.gzsf.operation.bean.Response<com.gzsf.operation.model.User>> com.gzsf.operation.controller.UserController.changeUser(java.util.Map<java.lang.String, java.lang.Object>,org.springframework.security.core.Authentication)
2018-10-11 17:56:01.369  INFO 25152 --- [main] s.w.r.r.m.a.RequestMappingHandlerMapping : Mapped "{[/user],methods=[POST]}" onto public reactor.core.publisher.Mono<com.gzsf.operation.bean.Response<com.gzsf.operation.model.User>> com.gzsf.operation.controller.UserController.addUser(com.gzsf.operation.model.User)
2018-10-11 17:56:01.428  INFO 25152 --- [main] o.s.w.r.handler.SimpleUrlHandlerMapping  : Mapped URL path [/webjars/**] onto handler of type [class org.springframework.web.reactive.resource.ResourceWebHandler]
2018-10-11 17:56:01.428  INFO 25152 --- [main] o.s.w.r.handler.SimpleUrlHandlerMapping  : Mapped URL path [/**] onto handler of type [class org.springframework.web.reactive.resource.ResourceWebHandler]
2018-10-11 17:56:01.568  INFO 25152 --- [main] o.s.w.r.r.m.a.ControllerMethodResolver   : Looking for @ControllerAdvice: org.springframework.boot.web.reactive.context.AnnotationConfigReactiveWebServerApplicationContext@149dd36b: startup date [Thu Oct 11 17:55:59 CST 2018]; root of context hierarchy
2018-10-11 17:56:01.575  INFO 25152 --- [main] o.s.w.r.r.m.a.ControllerMethodResolver   : Detected @ExceptionHandler methods in globalExceptionHandler
2018-10-11 17:56:02.612  INFO 25152 --- [main] o.s.j.e.a.AnnotationMBeanExporter        : Registering beans for JMX exposure on startup
2018-10-11 17:56:02.613  INFO 25152 --- [main] o.s.j.e.a.AnnotationMBeanExporter        : Bean with name 'dataSource' has been autodetected for JMX exposure
2018-10-11 17:56:02.621  INFO 25152 --- [main] o.s.j.e.a.AnnotationMBeanExporter        : Bean with name 'rabbitConnectionFactory' has been autodetected for JMX exposure
2018-10-11 17:56:02.623  INFO 25152 --- [main] o.s.j.e.a.AnnotationMBeanExporter        : Located MBean 'dataSource': registering with JMX server as MBean [com.zaxxer.hikari:name=dataSource,type=HikariDataSource]
2018-10-11 17:56:02.624  INFO 25152 --- [main] o.s.j.e.a.AnnotationMBeanExporter        : Located managed bean 'rabbitConnectionFactory': registering with JMX server as MBean [org.springframework.amqp.rabbit.connection:name=rabbitConnectionFactory,type=CachingConnectionFactory]
2018-10-11 17:56:02.643  INFO 25152 --- [main] o.s.c.support.DefaultLifecycleProcessor  : Starting beans in phase 2147483647
2018-10-11 17:56:03.064  INFO 25152 --- [reactor-http-nio-1] r.ipc.netty.tcp.BlockingNettyContext     : Started HttpServer on /0:0:0:0:0:0:0:0:5000
2018-10-11 17:56:03.065  INFO 25152 --- [main] o.s.b.web.embedded.netty.NettyWebServer  : Netty started on port(s): 5000
2018-10-11 17:56:03.070  INFO 25152 --- [main] com.gzsf.operation.OperationApplication  : Started OperationApplication in 4.234 seconds (JVM running for 5.316)
2018-10-11 17:56:11.797  INFO 25152 --- [reactor-http-nio-2] io.lettuce.core.EpollProvider            : Starting without optional epoll library
2018-10-11 17:56:11.800  INFO 25152 --- [reactor-http-nio-2] io.lettuce.core.KqueueProvider           : Starting without optional kqueue library
2018-10-11 17:56:11.941  INFO 25152 --- [reactor-http-nio-2] com.zaxxer.hikari.HikariDataSource       : HikariPool-1 - Starting...
2018-10-11 17:56:11.943  WARN 25152 --- [reactor-http-nio-2] com.zaxxer.hikari.util.DriverDataSource  : Registered driver with driverClassName=org.gjt.mm.mysql.Driver was not found, trying direct instantiation.
2018-10-11 17:56:12.148  INFO 25152 --- [reactor-http-nio-2] com.zaxxer.hikari.HikariDataSource       : HikariPool-1 - Start completed.
2018-10-11 18:00:27.302  INFO 8068 --- [main] com.gzsf.operation.OperationApplication  : Starting OperationApplication on DESKTOP-SJGIENM with PID 8068 (C:\Code\Java\operation\target\classes started by gzsf in C:\Code\Java\operation)
2018-10-11 18:00:27.312  INFO 8068 --- [main] com.gzsf.operation.OperationApplication  : No active profile set, falling back to default profiles: default
2018-10-11 18:00:27.435  INFO 8068 --- [main] onfigReactiveWebServerApplicationContext : Refreshing org.springframework.boot.web.reactive.context.AnnotationConfigReactiveWebServerApplicationContext@421bba99: startup date [Thu Oct 11 18:00:27 CST 2018]; root of context hierarchy
2018-10-11 18:00:28.576  WARN 8068 --- [main] o.m.s.mapper.ClassPathMapperScanner      : No MyBatis mapper was found in '[com.gzsf.operation.dao.UserMapper]' package. Please check your configuration.
2018-10-11 18:00:29.003  INFO 8068 --- [main] .s.d.r.c.RepositoryConfigurationDelegate : Multiple Spring Data modules found, entering strict repository configuration mode!
2018-10-11 18:00:29.847  INFO 8068 --- [main] trationDelegate$BeanPostProcessorChecker : Bean 'org.springframework.amqp.rabbit.annotation.RabbitBootstrapConfiguration' of type [org.springframework.amqp.rabbit.annotation.RabbitBootstrapConfiguration$$EnhancerBySpringCGLIB$$f9a7db89] is not eligible for getting processed by all BeanPostProcessors (for example: not eligible for auto-proxying)
2018-10-11 18:00:32.169  INFO 8068 --- [main] s.w.r.r.m.a.RequestMappingHandlerMapping : Mapped "{[/file],methods=[PATCH]}" onto public reactor.core.publisher.Mono com.gzsf.operation.controller.FileController.update(com.gzsf.operation.model.FileModel)
2018-10-11 18:00:32.171  INFO 8068 --- [main] s.w.r.r.m.a.RequestMappingHandlerMapping : Mapped "{[/file/{fileId}],methods=[DELETE]}" onto public reactor.core.publisher.Mono com.gzsf.operation.controller.FileController.delete(java.lang.Long)
2018-10-11 18:00:32.172  INFO 8068 --- [main] s.w.r.r.m.a.RequestMappingHandlerMapping : Mapped "{[/file],methods=[POST]}" onto public reactor.core.publisher.Mono com.gzsf.operation.controller.FileController.create(com.gzsf.operation.model.FileModel,org.springframework.security.core.Authentication)
2018-10-11 18:00:32.173  INFO 8068 --- [main] s.w.r.r.m.a.RequestMappingHandlerMapping : Mapped "{[/file],methods=[GET]}" onto public reactor.core.publisher.Mono com.gzsf.operation.controller.FileController.getFileList(java.lang.Integer,java.lang.Integer,java.lang.String)
2018-10-11 18:00:32.174  INFO 8068 --- [main] s.w.r.r.m.a.RequestMappingHandlerMapping : Mapped "{[/file/{id}/version],methods=[POST]}" onto public reactor.core.publisher.Mono com.gzsf.operation.controller.FileController.updateFile(java.lang.Long,org.springframework.security.core.Authentication,org.springframework.http.codec.multipart.FilePart,org.springframework.http.codec.multipart.FormFieldPart)
2018-10-11 18:00:32.175  INFO 8068 --- [main] s.w.r.r.m.a.RequestMappingHandlerMapping : Mapped "{[/file/{id}/version],methods=[GET]}" onto public reactor.core.publisher.Mono com.gzsf.operation.controller.FileController.getVersionList(java.lang.Long,java.lang.Integer,java.lang.Integer,java.lang.String)
2018-10-11 18:00:32.179  INFO 8068 --- [main] s.w.r.r.m.a.RequestMappingHandlerMapping : Mapped "{[/file/{id}/version/{version}/file],methods=[GET]}" onto public reactor.core.publisher.Mono<java.lang.Void> com.gzsf.operation.controller.FileController.download(java.lang.Long,java.lang.Integer,org.springframework.http.server.reactive.ServerHttpResponse)
2018-10-11 18:00:32.186  INFO 8068 --- [main] s.w.r.r.m.a.RequestMappingHandlerMapping : Mapped "{[/**]}" onto public reactor.core.publisher.Mono<com.gzsf.operation.bean.Response> com.gzsf.operation.controller.GlobalExceptionHandler.statusError()
2018-10-11 18:00:32.208  INFO 8068 --- [main] s.w.r.r.m.a.RequestMappingHandlerMapping : Mapped "{[/service],methods=[POST]}" onto public reactor.core.publisher.Mono com.gzsf.operation.controller.ServiceController.add(com.gzsf.operation.model.ServiceModel,org.springframework.security.core.Authentication)
2018-10-11 18:00:32.210  INFO 8068 --- [main] s.w.r.r.m.a.RequestMappingHandlerMapping : Mapped "{[/service],methods=[PATCH]}" onto public reactor.core.publisher.Mono com.gzsf.operation.controller.ServiceController.update(com.gzsf.operation.model.ServiceModel)
2018-10-11 18:00:32.211  INFO 8068 --- [main] s.w.r.r.m.a.RequestMappingHandlerMapping : Mapped "{[/service/{id}],methods=[DELETE]}" onto public reactor.core.publisher.Mono com.gzsf.operation.controller.ServiceController.delete(java.lang.Long)
2018-10-11 18:00:32.212  INFO 8068 --- [main] s.w.r.r.m.a.RequestMappingHandlerMapping : Mapped "{[/service/start/{id}],methods=[GET]}" onto public reactor.core.publisher.Mono com.gzsf.operation.controller.ServiceController.start(java.lang.Long)
2018-10-11 18:00:32.213  INFO 8068 --- [main] s.w.r.r.m.a.RequestMappingHandlerMapping : Mapped "{[/service/stop/{id}],methods=[GET]}" onto public reactor.core.publisher.Mono com.gzsf.operation.controller.ServiceController.stop(java.lang.Long)
2018-10-11 18:00:32.213  INFO 8068 --- [main] s.w.r.r.m.a.RequestMappingHandlerMapping : Mapped "{[/service],methods=[GET]}" onto public reactor.core.publisher.Mono com.gzsf.operation.controller.ServiceController.list(java.lang.Integer,java.lang.Integer)
2018-10-11 18:00:32.228  INFO 8068 --- [main] s.w.r.r.m.a.RequestMappingHandlerMapping : Mapped "{[/test]}" onto public reactor.core.publisher.Mono<com.gzsf.operation.bean.Response> com.gzsf.operation.controller.UserController.test(org.springframework.security.core.Authentication) throws java.lang.Exception
2018-10-11 18:00:32.229  INFO 8068 --- [main] s.w.r.r.m.a.RequestMappingHandlerMapping : Mapped "{[/user/{id}],methods=[GET]}" onto public reactor.core.publisher.Mono<com.gzsf.operation.bean.Response<com.gzsf.operation.model.User>> com.gzsf.operation.controller.UserController.getUserById(long)
2018-10-11 18:00:32.230  INFO 8068 --- [main] s.w.r.r.m.a.RequestMappingHandlerMapping : Mapped "{[/auth]}" onto public reactor.core.publisher.Mono<com.gzsf.operation.bean.Response> com.gzsf.operation.controller.UserController.auth()
2018-10-11 18:00:32.230  INFO 8068 --- [main] s.w.r.r.m.a.RequestMappingHandlerMapping : Mapped "{[/user],methods=[GET]}" onto public reactor.core.publisher.Mono com.gzsf.operation.controller.UserController.getUsers(com.gzsf.operation.model.User$Role,java.lang.String,int,int,com.gzsf.operation.security.UserAuthentication)
2018-10-11 18:00:32.231  INFO 8068 --- [main] s.w.r.r.m.a.RequestMappingHandlerMapping : Mapped "{[/user],methods=[PATCH]}" onto public reactor.core.publisher.Mono<com.gzsf.operation.bean.Response<com.gzsf.operation.model.User>> com.gzsf.operation.controller.UserController.changeUser(java.util.Map<java.lang.String, java.lang.Object>,org.springframework.security.core.Authentication)
2018-10-11 18:00:32.232  INFO 8068 --- [main] s.w.r.r.m.a.RequestMappingHandlerMapping : Mapped "{[/login],methods=[POST]}" onto public reactor.core.publisher.Mono<com.gzsf.operation.bean.Response<java.lang.String>> com.gzsf.operation.controller.UserController.login(com.gzsf.operation.bean.LoginBean)
2018-10-11 18:00:32.232  INFO 8068 --- [main] s.w.r.r.m.a.RequestMappingHandlerMapping : Mapped "{[/user],methods=[POST]}" onto public reactor.core.publisher.Mono<com.gzsf.operation.bean.Response<com.gzsf.operation.model.User>> com.gzsf.operation.controller.UserController.addUser(com.gzsf.operation.model.User)
2018-10-11 18:00:32.412  INFO 8068 --- [main] o.s.w.r.handler.SimpleUrlHandlerMapping  : Mapped URL path [/webjars/**] onto handler of type [class org.springframework.web.reactive.resource.ResourceWebHandler]
2018-10-11 18:00:32.413  INFO 8068 --- [main] o.s.w.r.handler.SimpleUrlHandlerMapping  : Mapped URL path [/**] onto handler of type [class org.springframework.web.reactive.resource.ResourceWebHandler]
2018-10-11 18:00:32.782  INFO 8068 --- [main] o.s.w.r.r.m.a.ControllerMethodResolver   : Looking for @ControllerAdvice: org.springframework.boot.web.reactive.context.AnnotationConfigReactiveWebServerApplicationContext@421bba99: startup date [Thu Oct 11 18:00:27 CST 2018]; root of context hierarchy
2018-10-11 18:00:32.807  INFO 8068 --- [main] o.s.w.r.r.m.a.ControllerMethodResolver   : Detected @ExceptionHandler methods in globalExceptionHandler
2018-10-11 18:00:36.678  INFO 8068 --- [main] o.s.j.e.a.AnnotationMBeanExporter        : Registering beans for JMX exposure on startup
2018-10-11 18:00:36.683  INFO 8068 --- [main] o.s.j.e.a.AnnotationMBeanExporter        : Bean with name 'dataSource' has been autodetected for JMX exposure
2018-10-11 18:00:36.703  INFO 8068 --- [main] o.s.j.e.a.AnnotationMBeanExporter        : Bean with name 'rabbitConnectionFactory' has been autodetected for JMX exposure
2018-10-11 18:00:36.710  INFO 8068 --- [main] o.s.j.e.a.AnnotationMBeanExporter        : Located MBean 'dataSource': registering with JMX server as MBean [com.zaxxer.hikari:name=dataSource,type=HikariDataSource]
2018-10-11 18:00:36.713  INFO 8068 --- [main] o.s.j.e.a.AnnotationMBeanExporter        : Located managed bean 'rabbitConnectionFactory': registering with JMX server as MBean [org.springframework.amqp.rabbit.connection:name=rabbitConnectionFactory,type=CachingConnectionFactory]
2018-10-11 18:00:36.765  INFO 8068 --- [main] o.s.c.support.DefaultLifecycleProcessor  : Starting beans in phase 2147483647
2018-10-11 18:00:36.785  INFO 8068 --- [main] s.a.ScheduledAnnotationBeanPostProcessor : No TaskScheduler/ScheduledExecutorService bean found for scheduled processing
2018-10-11 18:00:37.713  INFO 8068 --- [reactor-http-nio-1] r.ipc.netty.tcp.BlockingNettyContext     : Started HttpServer on /0:0:0:0:0:0:0:0:5000
2018-10-11 18:00:37.715  INFO 8068 --- [main] o.s.b.web.embedded.netty.NettyWebServer  : Netty started on port(s): 5000
2018-10-11 18:00:37.727  INFO 8068 --- [main] com.gzsf.operation.OperationApplication  : Started OperationApplication in 11.656 seconds (JVM running for 14.823)
2018-10-11 18:01:25.177  INFO 27656 --- [main] com.gzsf.operation.OperationApplication  : Starting OperationApplication on DESKTOP-SJGIENM with PID 27656 (C:\Code\Java\operation\target\classes started by gzsf in C:\Code\Java\operation)
2018-10-11 18:01:25.186  INFO 27656 --- [main] com.gzsf.operation.OperationApplication  : No active profile set, falling back to default profiles: default
2018-10-11 18:01:25.373  INFO 27656 --- [main] onfigReactiveWebServerApplicationContext : Refreshing org.springframework.boot.web.reactive.context.AnnotationConfigReactiveWebServerApplicationContext@38831718: startup date [Thu Oct 11 18:01:25 CST 2018]; root of context hierarchy
2018-10-11 18:01:26.953  WARN 27656 --- [main] o.m.s.mapper.ClassPathMapperScanner      : No MyBatis mapper was found in '[com.gzsf.operation.dao.UserMapper]' package. Please check your configuration.
2018-10-11 18:01:27.435  INFO 27656 --- [main] .s.d.r.c.RepositoryConfigurationDelegate : Multiple Spring Data modules found, entering strict repository configuration mode!
2018-10-11 18:01:28.282  INFO 27656 --- [main] trationDelegate$BeanPostProcessorChecker : Bean 'org.springframework.amqp.rabbit.annotation.RabbitBootstrapConfiguration' of type [org.springframework.amqp.rabbit.annotation.RabbitBootstrapConfiguration$$EnhancerBySpringCGLIB$$12ae07ed] is not eligible for getting processed by all BeanPostProcessors (for example: not eligible for auto-proxying)
2018-10-11 18:01:31.303  INFO 27656 --- [main] s.w.r.r.m.a.RequestMappingHandlerMapping : Mapped "{[/file],methods=[PATCH]}" onto public reactor.core.publisher.Mono com.gzsf.operation.controller.FileController.update(com.gzsf.operation.model.FileModel)
2018-10-11 18:01:31.306  INFO 27656 --- [main] s.w.r.r.m.a.RequestMappingHandlerMapping : Mapped "{[/file/{fileId}],methods=[DELETE]}" onto public reactor.core.publisher.Mono com.gzsf.operation.controller.FileController.delete(java.lang.Long)
2018-10-11 18:01:31.308  INFO 27656 --- [main] s.w.r.r.m.a.RequestMappingHandlerMapping : Mapped "{[/file],methods=[POST]}" onto public reactor.core.publisher.Mono com.gzsf.operation.controller.FileController.create(com.gzsf.operation.model.FileModel,org.springframework.security.core.Authentication)
2018-10-11 18:01:31.309  INFO 27656 --- [main] s.w.r.r.m.a.RequestMappingHandlerMapping : Mapped "{[/file],methods=[GET]}" onto public reactor.core.publisher.Mono com.gzsf.operation.controller.FileController.getFileList(java.lang.Integer,java.lang.Integer,java.lang.String)
2018-10-11 18:01:31.310  INFO 27656 --- [main] s.w.r.r.m.a.RequestMappingHandlerMapping : Mapped "{[/file/{id}/version/{version}/file],methods=[GET]}" onto public reactor.core.publisher.Mono<java.lang.Void> com.gzsf.operation.controller.FileController.download(java.lang.Long,java.lang.Integer,org.springframework.http.server.reactive.ServerHttpResponse)
2018-10-11 18:01:31.310  INFO 27656 --- [main] s.w.r.r.m.a.RequestMappingHandlerMapping : Mapped "{[/file/{id}/version],methods=[GET]}" onto public reactor.core.publisher.Mono com.gzsf.operation.controller.FileController.getVersionList(java.lang.Long,java.lang.Integer,java.lang.Integer,java.lang.String)
2018-10-11 18:01:31.311  INFO 27656 --- [main] s.w.r.r.m.a.RequestMappingHandlerMapping : Mapped "{[/file/{id}/version],methods=[POST]}" onto public reactor.core.publisher.Mono com.gzsf.operation.controller.FileController.updateFile(java.lang.Long,org.springframework.security.core.Authentication,org.springframework.http.codec.multipart.FilePart,org.springframework.http.codec.multipart.FormFieldPart)
2018-10-11 18:01:31.321  INFO 27656 --- [main] s.w.r.r.m.a.RequestMappingHandlerMapping : Mapped "{[/**]}" onto public reactor.core.publisher.Mono<com.gzsf.operation.bean.Response> com.gzsf.operation.controller.GlobalExceptionHandler.statusError()
2018-10-11 18:01:31.392  INFO 27656 --- [main] s.w.r.r.m.a.RequestMappingHandlerMapping : Mapped "{[/service],methods=[POST]}" onto public reactor.core.publisher.Mono com.gzsf.operation.controller.ServiceController.add(com.gzsf.operation.model.ServiceModel,org.springframework.security.core.Authentication)
2018-10-11 18:01:31.393  INFO 27656 --- [main] s.w.r.r.m.a.RequestMappingHandlerMapping : Mapped "{[/service],methods=[PATCH]}" onto public reactor.core.publisher.Mono com.gzsf.operation.controller.ServiceController.update(com.gzsf.operation.model.ServiceModel)
2018-10-11 18:01:31.394  INFO 27656 --- [main] s.w.r.r.m.a.RequestMappingHandlerMapping : Mapped "{[/service/{id}],methods=[DELETE]}" onto public reactor.core.publisher.Mono com.gzsf.operation.controller.ServiceController.delete(java.lang.Long)
2018-10-11 18:01:31.395  INFO 27656 --- [main] s.w.r.r.m.a.RequestMappingHandlerMapping : Mapped "{[/service/start/{id}],methods=[GET]}" onto public reactor.core.publisher.Mono com.gzsf.operation.controller.ServiceController.start(java.lang.Long)
2018-10-11 18:01:31.396  INFO 27656 --- [main] s.w.r.r.m.a.RequestMappingHandlerMapping : Mapped "{[/service/stop/{id}],methods=[GET]}" onto public reactor.core.publisher.Mono com.gzsf.operation.controller.ServiceController.stop(java.lang.Long)
2018-10-11 18:01:31.396  INFO 27656 --- [main] s.w.r.r.m.a.RequestMappingHandlerMapping : Mapped "{[/service],methods=[GET]}" onto public reactor.core.publisher.Mono com.gzsf.operation.controller.ServiceController.list(java.lang.Integer,java.lang.Integer)
2018-10-11 18:01:31.413  INFO 27656 --- [main] s.w.r.r.m.a.RequestMappingHandlerMapping : Mapped "{[/test]}" onto public reactor.core.publisher.Mono<com.gzsf.operation.bean.Response> com.gzsf.operation.controller.UserController.test(org.springframework.security.core.Authentication) throws java.lang.Exception
2018-10-11 18:01:31.415  INFO 27656 --- [main] s.w.r.r.m.a.RequestMappingHandlerMapping : Mapped "{[/auth]}" onto public reactor.core.publisher.Mono<com.gzsf.operation.bean.Response> com.gzsf.operation.controller.UserController.auth()
2018-10-11 18:01:31.416  INFO 27656 --- [main] s.w.r.r.m.a.RequestMappingHandlerMapping : Mapped "{[/user/{id}],methods=[GET]}" onto public reactor.core.publisher.Mono<com.gzsf.operation.bean.Response<com.gzsf.operation.model.User>> com.gzsf.operation.controller.UserController.getUserById(long)
2018-10-11 18:01:31.416  INFO 27656 --- [main] s.w.r.r.m.a.RequestMappingHandlerMapping : Mapped "{[/user],methods=[GET]}" onto public reactor.core.publisher.Mono com.gzsf.operation.controller.UserController.getUsers(com.gzsf.operation.model.User$Role,java.lang.String,int,int,com.gzsf.operation.security.UserAuthentication)
2018-10-11 18:01:31.418  INFO 27656 --- [main] s.w.r.r.m.a.RequestMappingHandlerMapping : Mapped "{[/user],methods=[PATCH]}" onto public reactor.core.publisher.Mono<com.gzsf.operation.bean.Response<com.gzsf.operation.model.User>> com.gzsf.operation.controller.UserController.changeUser(java.util.Map<java.lang.String, java.lang.Object>,org.springframework.security.core.Authentication)
2018-10-11 18:01:31.418  INFO 27656 --- [main] s.w.r.r.m.a.RequestMappingHandlerMapping : Mapped "{[/user],methods=[POST]}" onto public reactor.core.publisher.Mono<com.gzsf.operation.bean.Response<com.gzsf.operation.model.User>> com.gzsf.operation.controller.UserController.addUser(com.gzsf.operation.model.User)
2018-10-11 18:01:31.419  INFO 27656 --- [main] s.w.r.r.m.a.RequestMappingHandlerMapping : Mapped "{[/login],methods=[POST]}" onto public reactor.core.publisher.Mono<com.gzsf.operation.bean.Response<java.lang.String>> com.gzsf.operation.controller.UserController.login(com.gzsf.operation.bean.LoginBean)
2018-10-11 18:01:31.601  INFO 27656 --- [main] o.s.w.r.handler.SimpleUrlHandlerMapping  : Mapped URL path [/webjars/**] onto handler of type [class org.springframework.web.reactive.resource.ResourceWebHandler]
2018-10-11 18:01:31.601  INFO 27656 --- [main] o.s.w.r.handler.SimpleUrlHandlerMapping  : Mapped URL path [/**] onto handler of type [class org.springframework.web.reactive.resource.ResourceWebHandler]
2018-10-11 18:01:32.041  INFO 27656 --- [main] o.s.w.r.r.m.a.ControllerMethodResolver   : Looking for @ControllerAdvice: org.springframework.boot.web.reactive.context.AnnotationConfigReactiveWebServerApplicationContext@38831718: startup date [Thu Oct 11 18:01:25 CST 2018]; root of context hierarchy
2018-10-11 18:01:32.062  INFO 27656 --- [main] o.s.w.r.r.m.a.ControllerMethodResolver   : Detected @ExceptionHandler methods in globalExceptionHandler
2018-10-11 18:01:34.698  INFO 27656 --- [main] o.s.j.e.a.AnnotationMBeanExporter        : Registering beans for JMX exposure on startup
2018-10-11 18:01:34.702  INFO 27656 --- [main] o.s.j.e.a.AnnotationMBeanExporter        : Bean with name 'dataSource' has been autodetected for JMX exposure
2018-10-11 18:01:34.724  INFO 27656 --- [main] o.s.j.e.a.AnnotationMBeanExporter        : Bean with name 'rabbitConnectionFactory' has been autodetected for JMX exposure
2018-10-11 18:01:34.731  INFO 27656 --- [main] o.s.j.e.a.AnnotationMBeanExporter        : Located MBean 'dataSource': registering with JMX server as MBean [com.zaxxer.hikari:name=dataSource,type=HikariDataSource]
2018-10-11 18:01:34.734  INFO 27656 --- [main] o.s.j.e.a.AnnotationMBeanExporter        : Located managed bean 'rabbitConnectionFactory': registering with JMX server as MBean [org.springframework.amqp.rabbit.connection:name=rabbitConnectionFactory,type=CachingConnectionFactory]
2018-10-11 18:01:34.789  INFO 27656 --- [main] o.s.c.support.DefaultLifecycleProcessor  : Starting beans in phase 2147483647
2018-10-11 18:01:34.823  INFO 27656 --- [main] s.a.ScheduledAnnotationBeanPostProcessor : No TaskScheduler/ScheduledExecutorService bean found for scheduled processing
2018-10-11 18:01:35.666  INFO 27656 --- [reactor-http-nio-1] r.ipc.netty.tcp.BlockingNettyContext     : Started HttpServer on /0:0:0:0:0:0:0:0:5000
2018-10-11 18:01:35.667  INFO 27656 --- [main] o.s.b.web.embedded.netty.NettyWebServer  : Netty started on port(s): 5000
2018-10-11 18:01:35.677  INFO 27656 --- [main] com.gzsf.operation.OperationApplication  : Started OperationApplication in 11.678 seconds (JVM running for 14.381)
2018-10-11 18:03:35.430  INFO 27656 --- [reactor-http-nio-2] io.lettuce.core.EpollProvider            : Starting without optional epoll library
2018-10-11 18:03:35.439  INFO 27656 --- [reactor-http-nio-2] io.lettuce.core.KqueueProvider           : Starting without optional kqueue library
2018-10-11 18:03:35.688  INFO 27656 --- [reactor-http-nio-2] com.zaxxer.hikari.HikariDataSource       : HikariPool-1 - Starting...
2018-10-11 18:03:35.691  WARN 27656 --- [reactor-http-nio-2] com.zaxxer.hikari.util.DriverDataSource  : Registered driver with driverClassName=org.gjt.mm.mysql.Driver was not found, trying direct instantiation.
2018-10-11 18:03:36.246  INFO 27656 --- [reactor-http-nio-2] com.zaxxer.hikari.HikariDataSource       : HikariPool-1 - Start completed.
